{"/home/travis/build/npmtest/node-npmtest-react-highcharts/test.js":{"path":"/home/travis/build/npmtest/node-npmtest-react-highcharts/test.js","s":{"1":2,"2":2,"3":2,"4":2,"5":2,"6":2,"7":2,"8":1,"9":2,"10":2,"11":1,"12":1,"13":1,"14":1,"15":2,"16":2,"17":2,"18":2,"19":1,"20":1,"21":2,"22":2,"23":2,"24":1,"25":1,"26":1,"27":1,"28":1,"29":1,"30":1,"31":1,"32":1,"33":1,"34":1,"35":1,"36":1,"37":2,"38":2,"39":1,"40":2,"41":2,"42":1,"43":2,"44":2,"45":1,"46":2,"47":2,"48":1,"49":1,"50":1,"51":1,"52":1},"b":{"1":[2,1,1,1],"2":[1,1,1,1],"3":[1,1],"4":[1,1],"5":[1,1],"6":[1,1],"7":[1,1],"8":[1,1],"9":[1,1,1],"10":[1,1],"11":[1,1],"12":[1,1],"13":[1,1],"14":[1,1],"15":[1,1],"16":[1,1]},"f":{"1":2,"2":2,"3":2,"4":2,"5":2,"6":1,"7":1,"8":2,"9":2,"10":2,"11":2,"12":1},"fnMap":{"1":{"name":"(anonymous_1)","line":12,"loc":{"start":{"line":12,"column":1},"end":{"line":12,"column":13}}},"2":{"name":"(anonymous_2)","line":19,"loc":{"start":{"line":19,"column":5},"end":{"line":19,"column":17}}},"3":{"name":"(anonymous_3)","line":23,"loc":{"start":{"line":23,"column":24},"end":{"line":23,"column":36}}},"4":{"name":"(anonymous_4)","line":61,"loc":{"start":{"line":61,"column":5},"end":{"line":61,"column":17}}},"5":{"name":"(anonymous_5)","line":82,"loc":{"start":{"line":82,"column":5},"end":{"line":82,"column":17}}},"6":{"name":"(anonymous_6)","line":102,"loc":{"start":{"line":102,"column":83},"end":{"line":105,"column":10}},"skip":true},"7":{"name":"(anonymous_7)","line":113,"loc":{"start":{"line":113,"column":77},"end":{"line":116,"column":10}},"skip":true},"8":{"name":"(anonymous_8)","line":129,"loc":{"start":{"line":129,"column":12},"end":{"line":129,"column":40}},"skip":true},"9":{"name":"(anonymous_9)","line":137,"loc":{"start":{"line":137,"column":77},"end":{"line":140,"column":10}},"skip":true},"10":{"name":"(anonymous_10)","line":148,"loc":{"start":{"line":148,"column":83},"end":{"line":151,"column":10}},"skip":true},"11":{"name":"(anonymous_11)","line":159,"loc":{"start":{"line":159,"column":79},"end":{"line":162,"column":10}},"skip":true},"12":{"name":"(anonymous_12)","line":170,"loc":{"start":{"line":170,"column":75},"end":{"line":173,"column":10}},"skip":true}},"statementMap":{"1":{"start":{"line":12,"column":0},"end":{"line":185,"column":5}},"2":{"start":{"line":14,"column":4},"end":{"line":14,"column":14}},"3":{"start":{"line":19,"column":4},"end":{"line":56,"column":9}},"4":{"start":{"line":21,"column":8},"end":{"line":21,"column":19}},"5":{"start":{"line":23,"column":8},"end":{"line":35,"column":13}},"6":{"start":{"line":24,"column":12},"end":{"line":34,"column":13}},"7":{"start":{"line":25,"column":16},"end":{"line":28,"column":30}},"8":{"start":{"line":30,"column":16},"end":{"line":33,"column":27}},"9":{"start":{"line":37,"column":8},"end":{"line":39,"column":21}},"10":{"start":{"line":40,"column":8},"end":{"line":53,"column":9}},"11":{"start":{"line":43,"column":12},"end":{"line":46,"column":14}},"12":{"start":{"line":47,"column":12},"end":{"line":47,"column":18}},"13":{"start":{"line":50,"column":12},"end":{"line":51,"column":46}},"14":{"start":{"line":52,"column":12},"end":{"line":52,"column":18}},"15":{"start":{"line":55,"column":8},"end":{"line":55,"column":35}},"16":{"start":{"line":61,"column":4},"end":{"line":63,"column":9}},"17":{"start":{"line":62,"column":8},"end":{"line":62,"column":15}},"18":{"start":{"line":64,"column":4},"end":{"line":77,"column":5}},"19":{"start":{"line":70,"column":8},"end":{"line":70,"column":14}},"20":{"start":{"line":76,"column":8},"end":{"line":76,"column":14}},"21":{"start":{"line":82,"column":4},"end":{"line":84,"column":9}},"22":{"start":{"line":83,"column":8},"end":{"line":83,"column":15}},"23":{"start":{"line":85,"column":4},"end":{"line":184,"column":5}},"24":{"start":{"line":92,"column":8},"end":{"line":94,"column":63}},"25":{"start":{"line":95,"column":8},"end":{"line":95,"column":14}},"26":{"start":{"line":102,"column":8},"end":{"line":111,"column":10},"skip":true},"27":{"start":{"line":109,"column":12},"end":{"line":109,"column":55},"skip":true},"28":{"start":{"line":110,"column":12},"end":{"line":110,"column":48},"skip":true},"29":{"start":{"line":113,"column":8},"end":{"line":126,"column":10},"skip":true},"30":{"start":{"line":120,"column":12},"end":{"line":120,"column":76},"skip":true},"31":{"start":{"line":121,"column":12},"end":{"line":121,"column":73},"skip":true},"32":{"start":{"line":122,"column":12},"end":{"line":122,"column":74},"skip":true},"33":{"start":{"line":123,"column":12},"end":{"line":123,"column":79},"skip":true},"34":{"start":{"line":124,"column":12},"end":{"line":124,"column":25},"skip":true},"35":{"start":{"line":125,"column":12},"end":{"line":125,"column":45},"skip":true},"36":{"start":{"line":128,"column":8},"end":{"line":135,"column":14},"skip":true},"37":{"start":{"line":133,"column":16},"end":{"line":133,"column":29},"skip":true},"38":{"start":{"line":134,"column":16},"end":{"line":134,"column":55},"skip":true},"39":{"start":{"line":137,"column":8},"end":{"line":146,"column":10},"skip":true},"40":{"start":{"line":144,"column":12},"end":{"line":144,"column":25},"skip":true},"41":{"start":{"line":145,"column":12},"end":{"line":145,"column":45},"skip":true},"42":{"start":{"line":148,"column":8},"end":{"line":157,"column":10},"skip":true},"43":{"start":{"line":155,"column":12},"end":{"line":155,"column":25},"skip":true},"44":{"start":{"line":156,"column":12},"end":{"line":156,"column":48},"skip":true},"45":{"start":{"line":159,"column":8},"end":{"line":168,"column":10},"skip":true},"46":{"start":{"line":166,"column":12},"end":{"line":166,"column":25},"skip":true},"47":{"start":{"line":167,"column":12},"end":{"line":167,"column":46},"skip":true},"48":{"start":{"line":170,"column":8},"end":{"line":179,"column":10},"skip":true},"49":{"start":{"line":177,"column":12},"end":{"line":177,"column":94},"skip":true},"50":{"start":{"line":178,"column":12},"end":{"line":178,"column":48},"skip":true},"51":{"start":{"line":182,"column":8},"end":{"line":182,"column":35},"skip":true},"52":{"start":{"line":183,"column":8},"end":{"line":183,"column":14},"skip":true}},"branchMap":{"1":{"line":25,"type":"binary-expr","locations":[{"start":{"line":25,"column":23},"end":{"line":25,"column":62}},{"start":{"line":26,"column":20},"end":{"line":26,"column":70}},{"start":{"line":27,"column":20},"end":{"line":27,"column":71}},{"start":{"line":28,"column":20},"end":{"line":28,"column":29}}]},"2":{"line":30,"type":"binary-expr","locations":[{"start":{"line":30,"column":23},"end":{"line":30,"column":37}},{"start":{"line":31,"column":20},"end":{"line":31,"column":61}},{"start":{"line":32,"column":20},"end":{"line":32,"column":70}},{"start":{"line":33,"column":20},"end":{"line":33,"column":26}}]},"3":{"line":37,"type":"cond-expr","locations":[{"start":{"line":38,"column":14},"end":{"line":38,"column":20}},{"start":{"line":39,"column":14},"end":{"line":39,"column":20}}]},"4":{"line":40,"type":"switch","locations":[{"start":{"line":42,"column":8},"end":{"line":47,"column":18}},{"start":{"line":49,"column":8},"end":{"line":52,"column":18}}]},"5":{"line":44,"type":"binary-expr","locations":[{"start":{"line":44,"column":16},"end":{"line":44,"column":44}},{"start":{"line":44,"column":48},"end":{"line":44,"column":66}}]},"6":{"line":50,"type":"binary-expr","locations":[{"start":{"line":50,"column":21},"end":{"line":50,"column":49}},{"start":{"line":50,"column":53},"end":{"line":50,"column":72}}]},"7":{"line":64,"type":"switch","locations":[{"start":{"line":69,"column":4},"end":{"line":70,"column":14}},{"start":{"line":75,"column":4},"end":{"line":76,"column":14}}]},"8":{"line":85,"type":"switch","locations":[{"start":{"line":90,"column":4},"end":{"line":95,"column":14}},{"start":{"line":101,"column":4},"end":{"line":183,"column":14},"skip":true}]},"9":{"line":92,"type":"binary-expr","locations":[{"start":{"line":92,"column":18},"end":{"line":92,"column":32}},{"start":{"line":93,"column":12},"end":{"line":93,"column":53}},{"start":{"line":94,"column":12},"end":{"line":94,"column":61}}]},"10":{"line":102,"type":"binary-expr","locations":[{"start":{"line":102,"column":45},"end":{"line":102,"column":79},"skip":true},{"start":{"line":102,"column":83},"end":{"line":111,"column":9},"skip":true}]},"11":{"line":113,"type":"binary-expr","locations":[{"start":{"line":113,"column":42},"end":{"line":113,"column":73},"skip":true},{"start":{"line":113,"column":77},"end":{"line":126,"column":9},"skip":true}]},"12":{"line":128,"type":"binary-expr","locations":[{"start":{"line":128,"column":48},"end":{"line":128,"column":85},"skip":true},{"start":{"line":129,"column":12},"end":{"line":135,"column":13},"skip":true}]},"13":{"line":137,"type":"binary-expr","locations":[{"start":{"line":137,"column":42},"end":{"line":137,"column":73},"skip":true},{"start":{"line":137,"column":77},"end":{"line":146,"column":9},"skip":true}]},"14":{"line":148,"type":"binary-expr","locations":[{"start":{"line":148,"column":45},"end":{"line":148,"column":79},"skip":true},{"start":{"line":148,"column":83},"end":{"line":157,"column":9},"skip":true}]},"15":{"line":159,"type":"binary-expr","locations":[{"start":{"line":159,"column":43},"end":{"line":159,"column":75},"skip":true},{"start":{"line":159,"column":79},"end":{"line":168,"column":9},"skip":true}]},"16":{"line":170,"type":"binary-expr","locations":[{"start":{"line":170,"column":41},"end":{"line":170,"column":71},"skip":true},{"start":{"line":170,"column":75},"end":{"line":179,"column":9},"skip":true}]}},"code":["/* istanbul instrument in package npmtest_react_highcharts */","/*jslint","    bitwise: true,","    browser: true,","    maxerr: 8,","    maxlen: 96,","    node: true,","    nomen: true,","    regexp: true,","    stupid: true","*/","(function () {","    'use strict';","    var local;","","","","    // run shared js-env code - pre-init","    (function () {","        // init local","        local = {};","        // init modeJs","        local.modeJs = (function () {","            try {","                return typeof navigator.userAgent === 'string' &&","                    typeof document.querySelector('body') === 'object' &&","                    typeof XMLHttpRequest.prototype.open === 'function' &&","                    'browser';","            } catch (errorCaughtBrowser) {","                return module.exports &&","                    typeof process.versions.node === 'string' &&","                    typeof require('http').createServer === 'function' &&","                    'node';","            }","        }());","        // init global","        local.global = local.modeJs === 'browser'","            ? window","            : global;","        switch (local.modeJs) {","        // re-init local from window.local","        case 'browser':","            local = local.global.utility2.objectSetDefault(","                local.global.utility2_rollup || local.global.local,","                local.global.utility2","            );","            break;","        // re-init local from example.js","        case 'node':","            local = (local.global.utility2_rollup || require('utility2'))","                .requireExampleJsFromReadme();","            break;","        }","        // export local","        local.global.local = local;","    }());","","","","    // run shared js-env code - function","    (function () {","        return;","    }());","    switch (local.modeJs) {","","","","    // run browser js-env code - function","    case 'browser':","        break;","","","","    // run node js-env code - function","    case 'node':","        break;","    }","","","","    // run shared js-env code - post-init","    (function () {","        return;","    }());","    switch (local.modeJs) {","","","","    // run browser js-env code - post-init","    case 'browser':","        // run tests","        local.nop(local.modeTest &&","            document.querySelector('#testRunButton1') &&","            document.querySelector('#testRunButton1').click());","        break;","","","","    // run node js-env code - post-init","    /* istanbul ignore next */","    case 'node':","        local.testCase_buildApidoc_default = local.testCase_buildApidoc_default || function (","            options,","            onError","        ) {","        /*","         * this function will test buildApidoc's default handling-behavior-behavior","         */","            options = { modulePathList: module.paths };","            local.buildApidoc(options, onError);","        };","","        local.testCase_buildApp_default = local.testCase_buildApp_default || function (","            options,","            onError","        ) {","        /*","         * this function will test buildApp's default handling-behavior-behavior","         */","            local.testCase_buildReadme_default(options, local.onErrorThrow);","            local.testCase_buildLib_default(options, local.onErrorThrow);","            local.testCase_buildTest_default(options, local.onErrorThrow);","            local.testCase_buildCustomOrg_default(options, local.onErrorThrow);","            options = [];","            local.buildApp(options, onError);","        };","","        local.testCase_buildCustomOrg_default = local.testCase_buildCustomOrg_default ||","            function (options, onError) {","            /*","             * this function will test buildCustomOrg's default handling-behavior","             */","                options = {};","                local.buildCustomOrg(options, onError);","            };","","        local.testCase_buildLib_default = local.testCase_buildLib_default || function (","            options,","            onError","        ) {","        /*","         * this function will test buildLib's default handling-behavior","         */","            options = {};","            local.buildLib(options, onError);","        };","","        local.testCase_buildReadme_default = local.testCase_buildReadme_default || function (","            options,","            onError","        ) {","        /*","         * this function will test buildReadme's default handling-behavior-behavior","         */","            options = {};","            local.buildReadme(options, onError);","        };","","        local.testCase_buildTest_default = local.testCase_buildTest_default || function (","            options,","            onError","        ) {","        /*","         * this function will test buildTest's default handling-behavior","         */","            options = {};","            local.buildTest(options, onError);","        };","","        local.testCase_webpage_default = local.testCase_webpage_default || function (","            options,","            onError","        ) {","        /*","         * this function will test webpage's default handling-behavior","         */","            options = { modeCoverageMerge: true, url: local.serverLocalHost + '?modeTest=1' };","            local.browserTest(options, onError);","        };","","        // run test-server","        local.testRunServer(local);","        break;","    }","}());",""],"l":{"12":2,"14":2,"19":2,"21":2,"23":2,"24":2,"25":2,"30":1,"37":2,"40":2,"43":1,"47":1,"50":1,"52":1,"55":2,"61":2,"62":2,"64":2,"70":1,"76":1,"82":2,"83":2,"85":2,"92":1,"95":1,"102":1,"109":1,"110":1,"113":1,"120":1,"121":1,"122":1,"123":1,"124":1,"125":1,"128":1,"133":2,"134":2,"137":1,"144":2,"145":2,"148":1,"155":2,"156":2,"159":1,"166":2,"167":2,"170":1,"177":1,"178":1,"182":1,"183":1}},"/home/travis/build/npmtest/node-npmtest-react-highcharts/lib.npmtest_react_highcharts.js":{"path":"/home/travis/build/npmtest/node-npmtest-react-highcharts/lib.npmtest_react_highcharts.js","s":{"1":2,"2":2,"3":2,"4":2,"5":2,"6":2,"7":2,"8":1,"9":2,"10":2,"11":2,"12":2,"13":1,"14":1,"15":1,"16":1},"b":{"1":[2,1,1,1],"2":[1,1,1,1],"3":[1,1],"4":[2,2],"5":[1,1]},"f":{"1":2,"2":2,"3":2},"fnMap":{"1":{"name":"(anonymous_1)","line":12,"loc":{"start":{"line":12,"column":1},"end":{"line":12,"column":13}}},"2":{"name":"(anonymous_2)","line":19,"loc":{"start":{"line":19,"column":5},"end":{"line":19,"column":17}}},"3":{"name":"(anonymous_3)","line":23,"loc":{"start":{"line":23,"column":24},"end":{"line":23,"column":36}}}},"statementMap":{"1":{"start":{"line":12,"column":0},"end":{"line":53,"column":5}},"2":{"start":{"line":14,"column":4},"end":{"line":14,"column":14}},"3":{"start":{"line":19,"column":4},"end":{"line":52,"column":9}},"4":{"start":{"line":21,"column":8},"end":{"line":21,"column":19}},"5":{"start":{"line":23,"column":8},"end":{"line":35,"column":13}},"6":{"start":{"line":24,"column":12},"end":{"line":34,"column":13}},"7":{"start":{"line":25,"column":16},"end":{"line":28,"column":30}},"8":{"start":{"line":30,"column":16},"end":{"line":33,"column":27}},"9":{"start":{"line":37,"column":8},"end":{"line":39,"column":21}},"10":{"start":{"line":41,"column":8},"end":{"line":41,"column":54}},"11":{"start":{"line":43,"column":8},"end":{"line":43,"column":61}},"12":{"start":{"line":45,"column":8},"end":{"line":51,"column":9}},"13":{"start":{"line":46,"column":12},"end":{"line":46,"column":67}},"14":{"start":{"line":48,"column":12},"end":{"line":48,"column":35}},"15":{"start":{"line":49,"column":12},"end":{"line":49,"column":49}},"16":{"start":{"line":50,"column":12},"end":{"line":50,"column":43}}},"branchMap":{"1":{"line":25,"type":"binary-expr","locations":[{"start":{"line":25,"column":23},"end":{"line":25,"column":62}},{"start":{"line":26,"column":20},"end":{"line":26,"column":70}},{"start":{"line":27,"column":20},"end":{"line":27,"column":71}},{"start":{"line":28,"column":20},"end":{"line":28,"column":29}}]},"2":{"line":30,"type":"binary-expr","locations":[{"start":{"line":30,"column":23},"end":{"line":30,"column":37}},{"start":{"line":31,"column":20},"end":{"line":31,"column":61}},{"start":{"line":32,"column":20},"end":{"line":32,"column":70}},{"start":{"line":33,"column":20},"end":{"line":33,"column":26}}]},"3":{"line":37,"type":"cond-expr","locations":[{"start":{"line":38,"column":14},"end":{"line":38,"column":20}},{"start":{"line":39,"column":14},"end":{"line":39,"column":20}}]},"4":{"line":41,"type":"binary-expr","locations":[{"start":{"line":41,"column":16},"end":{"line":41,"column":44}},{"start":{"line":41,"column":48},"end":{"line":41,"column":53}}]},"5":{"line":45,"type":"if","locations":[{"start":{"line":45,"column":8},"end":{"line":45,"column":8}},{"start":{"line":45,"column":8},"end":{"line":45,"column":8}}]}},"code":["/* istanbul instrument in package npmtest_react_highcharts */","/*jslint","    bitwise: true,","    browser: true,","    maxerr: 8,","    maxlen: 96,","    node: true,","    nomen: true,","    regexp: true,","    stupid: true","*/","(function () {","    'use strict';","    var local;","","","","    // run shared js-env code - pre-init","    (function () {","        // init local","        local = {};","        // init modeJs","        local.modeJs = (function () {","            try {","                return typeof navigator.userAgent === 'string' &&","                    typeof document.querySelector('body') === 'object' &&","                    typeof XMLHttpRequest.prototype.open === 'function' &&","                    'browser';","            } catch (errorCaughtBrowser) {","                return module.exports &&","                    typeof process.versions.node === 'string' &&","                    typeof require('http').createServer === 'function' &&","                    'node';","            }","        }());","        // init global","        local.global = local.modeJs === 'browser'","            ? window","            : global;","        // init utility2_rollup","        local = local.global.utility2_rollup || local;","        // init lib","        local.local = local.npmtest_react_highcharts = local;","        // init exports","        if (local.modeJs === 'browser') {","            local.global.utility2_npmtest_react_highcharts = local;","        } else {","            module.exports = local;","            module.exports.__dirname = __dirname;","            module.exports.module = module;","        }","    }());","}());",""],"l":{"12":2,"14":2,"19":2,"21":2,"23":2,"24":2,"25":2,"30":1,"37":2,"41":2,"43":2,"45":2,"46":1,"48":1,"49":1,"50":1}},"/home/travis/build/npmtest/node-npmtest-react-highcharts/example.js":{"path":"/home/travis/build/npmtest/node-npmtest-react-highcharts/example.js","s":{"1":2,"2":2,"3":2,"4":2,"5":2,"6":2,"7":2,"8":1,"9":2,"10":2,"11":2,"12":2,"13":1,"14":2,"15":2,"16":2,"17":2,"18":2,"19":0,"20":2,"21":1,"22":1,"23":1,"24":1,"25":1,"26":0,"27":0,"28":1,"29":1,"30":2,"31":0,"32":0,"33":0,"34":1,"35":2,"36":2,"37":2,"38":2,"39":2,"40":2,"41":0,"42":2,"43":2,"44":2,"45":1,"46":3,"47":1,"48":1,"49":1,"50":1,"51":1,"52":1,"53":1,"54":1,"55":1,"56":1,"57":0,"58":1,"59":6,"60":6,"61":1,"62":2,"63":0,"64":2,"65":1,"66":1,"67":0,"68":0,"69":0,"70":0,"71":0,"72":0,"73":0,"74":0,"75":0,"76":0,"77":0,"78":0,"79":0,"80":0,"81":0,"82":0,"83":0},"b":{"1":[2,1,1,1],"2":[1,1,1,1],"3":[1,1],"4":[2,2],"5":[1,1],"6":[1,1],"7":[2,0],"8":[2,1,1,1,1,1],"9":[0,2,0],"10":[1,1],"11":[2,1,1],"12":[1,0],"13":[0,2],"14":[2,0,0,0,0,0,0],"15":[0,2],"16":[2,0],"17":[1,1],"18":[0,1],"19":[1,2,0,2],"20":[1,0],"21":[1,1],"22":[0,0],"23":[0,0],"24":[0,0],"25":[0,0],"26":[0,0],"27":[0,0],"28":[0,0]},"f":{"1":2,"2":2,"3":2,"4":2,"5":2,"6":2,"7":2,"8":2,"9":3,"10":1,"11":6,"12":0},"fnMap":{"1":{"name":"(anonymous_1)","line":26,"loc":{"start":{"line":26,"column":1},"end":{"line":26,"column":13}}},"2":{"name":"(anonymous_2)","line":33,"loc":{"start":{"line":33,"column":5},"end":{"line":33,"column":17}}},"3":{"name":"(anonymous_3)","line":37,"loc":{"start":{"line":37,"column":24},"end":{"line":37,"column":36}}},"4":{"name":"(anonymous_4)","line":69,"loc":{"start":{"line":69,"column":31},"end":{"line":69,"column":48}},"skip":true},"5":{"name":"(anonymous_5)","line":78,"loc":{"start":{"line":78,"column":26},"end":{"line":78,"column":45}},"skip":true},"6":{"name":"(anonymous_6)","line":123,"loc":{"start":{"line":123,"column":33},"end":{"line":123,"column":48}},"skip":true},"7":{"name":"(anonymous_7)","line":125,"loc":{"start":{"line":125,"column":27},"end":{"line":125,"column":39}},"skip":true},"8":{"name":"(anonymous_8)","line":133,"loc":{"start":{"line":133,"column":59},"end":{"line":133,"column":74}},"skip":true},"9":{"name":"(anonymous_9)","line":143,"loc":{"start":{"line":143,"column":45},"end":{"line":143,"column":62}},"skip":true},"10":{"name":"(anonymous_10)","line":144,"loc":{"start":{"line":144,"column":73},"end":{"line":144,"column":92}},"skip":true},"11":{"name":"(anonymous_11)","line":272,"loc":{"start":{"line":272,"column":51},"end":{"line":272,"column":77}},"skip":true},"12":{"name":"(anonymous_12)","line":314,"loc":{"start":{"line":314,"column":32},"end":{"line":314,"column":61}},"skip":true}},"statementMap":{"1":{"start":{"line":26,"column":0},"end":{"line":325,"column":5}},"2":{"start":{"line":28,"column":4},"end":{"line":28,"column":14}},"3":{"start":{"line":33,"column":4},"end":{"line":60,"column":9}},"4":{"start":{"line":35,"column":8},"end":{"line":35,"column":19}},"5":{"start":{"line":37,"column":8},"end":{"line":49,"column":13}},"6":{"start":{"line":38,"column":12},"end":{"line":48,"column":13}},"7":{"start":{"line":39,"column":16},"end":{"line":42,"column":30}},"8":{"start":{"line":44,"column":16},"end":{"line":47,"column":27}},"9":{"start":{"line":51,"column":8},"end":{"line":53,"column":21}},"10":{"start":{"line":55,"column":8},"end":{"line":57,"column":45}},"11":{"start":{"line":59,"column":8},"end":{"line":59,"column":35}},"12":{"start":{"line":61,"column":4},"end":{"line":324,"column":5}},"13":{"start":{"line":69,"column":8},"end":{"line":121,"column":10},"skip":true},"14":{"start":{"line":70,"column":12},"end":{"line":88,"column":13},"skip":true},"15":{"start":{"line":76,"column":16},"end":{"line":87,"column":19},"skip":true},"16":{"start":{"line":79,"column":20},"end":{"line":86,"column":21},"skip":true},"17":{"start":{"line":82,"column":24},"end":{"line":82,"column":43},"skip":true},"18":{"start":{"line":83,"column":24},"end":{"line":83,"column":30},"skip":true},"19":{"start":{"line":85,"column":24},"end":{"line":85,"column":49},"skip":true},"20":{"start":{"line":89,"column":12},"end":{"line":107,"column":13},"skip":true},"21":{"start":{"line":92,"column":16},"end":{"line":102,"column":17},"skip":true},"22":{"start":{"line":93,"column":20},"end":{"line":93,"column":86},"skip":true},"23":{"start":{"line":94,"column":20},"end":{"line":95,"column":45},"skip":true},"24":{"start":{"line":96,"column":20},"end":{"line":96,"column":42},"skip":true},"25":{"start":{"line":97,"column":20},"end":{"line":97,"column":48},"skip":true},"26":{"start":{"line":100,"column":20},"end":{"line":100,"column":85},"skip":true},"27":{"start":{"line":101,"column":20},"end":{"line":101,"column":96},"skip":true},"28":{"start":{"line":103,"column":16},"end":{"line":103,"column":22},"skip":true},"29":{"start":{"line":106,"column":16},"end":{"line":106,"column":22},"skip":true},"30":{"start":{"line":108,"column":12},"end":{"line":120,"column":13},"skip":true},"31":{"start":{"line":114,"column":16},"end":{"line":119,"column":17},"skip":true},"32":{"start":{"line":116,"column":20},"end":{"line":116,"column":78},"skip":true},"33":{"start":{"line":118,"column":20},"end":{"line":118,"column":47},"skip":true},"34":{"start":{"line":123,"column":8},"end":{"line":141,"column":11},"skip":true},"35":{"start":{"line":124,"column":12},"end":{"line":124,"column":54},"skip":true},"36":{"start":{"line":125,"column":12},"end":{"line":140,"column":14},"skip":true},"37":{"start":{"line":126,"column":16},"end":{"line":126,"column":28},"skip":true},"38":{"start":{"line":127,"column":16},"end":{"line":127,"column":69},"skip":true},"39":{"start":{"line":128,"column":16},"end":{"line":128,"column":75},"skip":true},"40":{"start":{"line":129,"column":16},"end":{"line":131,"column":17},"skip":true},"41":{"start":{"line":130,"column":20},"end":{"line":130,"column":27},"skip":true},"42":{"start":{"line":133,"column":16},"end":{"line":137,"column":36},"skip":true},"43":{"start":{"line":134,"column":20},"end":{"line":136,"column":55},"skip":true},"44":{"start":{"line":139,"column":16},"end":{"line":139,"column":57},"skip":true},"45":{"start":{"line":143,"column":8},"end":{"line":147,"column":11},"skip":true},"46":{"start":{"line":144,"column":12},"end":{"line":146,"column":15},"skip":true},"47":{"start":{"line":145,"column":16},"end":{"line":145,"column":70},"skip":true},"48":{"start":{"line":149,"column":8},"end":{"line":149,"column":31},"skip":true},"49":{"start":{"line":150,"column":8},"end":{"line":150,"column":14},"skip":true},"50":{"start":{"line":158,"column":8},"end":{"line":158,"column":31},"skip":true},"51":{"start":{"line":160,"column":8},"end":{"line":160,"column":33},"skip":true},"52":{"start":{"line":161,"column":8},"end":{"line":161,"column":37},"skip":true},"53":{"start":{"line":162,"column":8},"end":{"line":162,"column":35},"skip":true},"54":{"start":{"line":164,"column":8},"end":{"line":164,"column":50},"skip":true},"55":{"start":{"line":166,"column":8},"end":{"line":256,"column":2},"skip":true},"56":{"start":{"line":258,"column":8},"end":{"line":286,"column":9},"skip":true},"57":{"start":{"line":259,"column":12},"end":{"line":269,"column":14},"skip":true},"58":{"start":{"line":271,"column":12},"end":{"line":285,"column":19},"skip":true},"59":{"start":{"line":274,"column":20},"end":{"line":274,"column":35},"skip":true},"60":{"start":{"line":275,"column":20},"end":{"line":284,"column":21},"skip":true},"61":{"start":{"line":277,"column":24},"end":{"line":277,"column":64},"skip":true},"62":{"start":{"line":279,"column":24},"end":{"line":279,"column":40},"skip":true},"63":{"start":{"line":281,"column":24},"end":{"line":281,"column":40},"skip":true},"64":{"start":{"line":283,"column":24},"end":{"line":283,"column":39},"skip":true},"65":{"start":{"line":288,"column":8},"end":{"line":290,"column":9},"skip":true},"66":{"start":{"line":289,"column":12},"end":{"line":289,"column":18},"skip":true},"67":{"start":{"line":291,"column":8},"end":{"line":293,"column":54},"skip":true},"68":{"start":{"line":294,"column":8},"end":{"line":301,"column":37},"skip":true},"69":{"start":{"line":302,"column":8},"end":{"line":302,"column":82},"skip":true},"70":{"start":{"line":305,"column":8},"end":{"line":307,"column":9},"skip":true},"71":{"start":{"line":306,"column":12},"end":{"line":306,"column":82},"skip":true},"72":{"start":{"line":309,"column":8},"end":{"line":311,"column":9},"skip":true},"73":{"start":{"line":310,"column":12},"end":{"line":310,"column":18},"skip":true},"74":{"start":{"line":312,"column":8},"end":{"line":312,"column":54},"skip":true},"75":{"start":{"line":313,"column":8},"end":{"line":313,"column":69},"skip":true},"76":{"start":{"line":314,"column":8},"end":{"line":322,"column":36},"skip":true},"77":{"start":{"line":315,"column":12},"end":{"line":315,"column":61},"skip":true},"78":{"start":{"line":316,"column":12},"end":{"line":319,"column":13},"skip":true},"79":{"start":{"line":317,"column":16},"end":{"line":317,"column":75},"skip":true},"80":{"start":{"line":318,"column":16},"end":{"line":318,"column":23},"skip":true},"81":{"start":{"line":320,"column":12},"end":{"line":320,"column":38},"skip":true},"82":{"start":{"line":321,"column":12},"end":{"line":321,"column":27},"skip":true},"83":{"start":{"line":323,"column":8},"end":{"line":323,"column":14},"skip":true}},"branchMap":{"1":{"line":39,"type":"binary-expr","locations":[{"start":{"line":39,"column":23},"end":{"line":39,"column":62}},{"start":{"line":40,"column":20},"end":{"line":40,"column":70}},{"start":{"line":41,"column":20},"end":{"line":41,"column":71}},{"start":{"line":42,"column":20},"end":{"line":42,"column":29}}]},"2":{"line":44,"type":"binary-expr","locations":[{"start":{"line":44,"column":23},"end":{"line":44,"column":37}},{"start":{"line":45,"column":20},"end":{"line":45,"column":61}},{"start":{"line":46,"column":20},"end":{"line":46,"column":70}},{"start":{"line":47,"column":20},"end":{"line":47,"column":26}}]},"3":{"line":51,"type":"cond-expr","locations":[{"start":{"line":52,"column":14},"end":{"line":52,"column":20}},{"start":{"line":53,"column":14},"end":{"line":53,"column":20}}]},"4":{"line":55,"type":"binary-expr","locations":[{"start":{"line":55,"column":16},"end":{"line":55,"column":44}},{"start":{"line":55,"column":49},"end":{"line":57,"column":43}}]},"5":{"line":55,"type":"cond-expr","locations":[{"start":{"line":56,"column":14},"end":{"line":56,"column":60}},{"start":{"line":57,"column":14},"end":{"line":57,"column":43}}]},"6":{"line":61,"type":"switch","locations":[{"start":{"line":68,"column":4},"end":{"line":150,"column":14},"skip":true},{"start":{"line":156,"column":4},"end":{"line":323,"column":14},"skip":true}]},"7":{"line":70,"type":"if","locations":[{"start":{"line":70,"column":12},"end":{"line":70,"column":12},"skip":true},{"start":{"line":70,"column":12},"end":{"line":70,"column":12},"skip":true}]},"8":{"line":70,"type":"binary-expr","locations":[{"start":{"line":70,"column":16},"end":{"line":70,"column":22},"skip":true},{"start":{"line":70,"column":27},"end":{"line":70,"column":32},"skip":true},{"start":{"line":71,"column":20},"end":{"line":71,"column":39},"skip":true},{"start":{"line":72,"column":20},"end":{"line":72,"column":49},"skip":true},{"start":{"line":73,"column":20},"end":{"line":73,"column":58},"skip":true},{"start":{"line":74,"column":20},"end":{"line":74,"column":69},"skip":true}]},"9":{"line":79,"type":"switch","locations":[{"start":{"line":80,"column":20},"end":{"line":80,"column":33},"skip":true},{"start":{"line":81,"column":20},"end":{"line":83,"column":30},"skip":true},{"start":{"line":84,"column":20},"end":{"line":85,"column":49},"skip":true}]},"10":{"line":89,"type":"switch","locations":[{"start":{"line":90,"column":12},"end":{"line":103,"column":22},"skip":true},{"start":{"line":105,"column":12},"end":{"line":106,"column":22},"skip":true}]},"11":{"line":89,"type":"binary-expr","locations":[{"start":{"line":89,"column":20},"end":{"line":89,"column":25},"skip":true},{"start":{"line":89,"column":29},"end":{"line":89,"column":48},"skip":true},{"start":{"line":89,"column":52},"end":{"line":89,"column":74},"skip":true}]},"12":{"line":92,"type":"if","locations":[{"start":{"line":92,"column":16},"end":{"line":92,"column":16},"skip":true},{"start":{"line":92,"column":16},"end":{"line":92,"column":16},"skip":true}]},"13":{"line":108,"type":"if","locations":[{"start":{"line":108,"column":12},"end":{"line":108,"column":12},"skip":true},{"start":{"line":108,"column":12},"end":{"line":108,"column":12},"skip":true}]},"14":{"line":108,"type":"binary-expr","locations":[{"start":{"line":108,"column":16},"end":{"line":108,"column":61},"skip":true},{"start":{"line":108,"column":66},"end":{"line":108,"column":72},"skip":true},{"start":{"line":108,"column":77},"end":{"line":108,"column":82},"skip":true},{"start":{"line":109,"column":20},"end":{"line":109,"column":39},"skip":true},{"start":{"line":110,"column":20},"end":{"line":110,"column":49},"skip":true},{"start":{"line":111,"column":20},"end":{"line":111,"column":58},"skip":true},{"start":{"line":112,"column":20},"end":{"line":112,"column":68},"skip":true}]},"15":{"line":129,"type":"if","locations":[{"start":{"line":129,"column":16},"end":{"line":129,"column":16},"skip":true},{"start":{"line":129,"column":16},"end":{"line":129,"column":16},"skip":true}]},"16":{"line":134,"type":"cond-expr","locations":[{"start":{"line":135,"column":26},"end":{"line":135,"column":29},"skip":true},{"start":{"line":136,"column":26},"end":{"line":136,"column":54},"skip":true}]},"17":{"line":164,"type":"binary-expr","locations":[{"start":{"line":164,"column":27},"end":{"line":164,"column":43},"skip":true},{"start":{"line":164,"column":47},"end":{"line":164,"column":49},"skip":true}]},"18":{"line":258,"type":"if","locations":[{"start":{"line":258,"column":8},"end":{"line":258,"column":8},"skip":true},{"start":{"line":258,"column":8},"end":{"line":258,"column":8},"skip":true}]},"19":{"line":275,"type":"switch","locations":[{"start":{"line":276,"column":20},"end":{"line":277,"column":64},"skip":true},{"start":{"line":278,"column":20},"end":{"line":279,"column":40},"skip":true},{"start":{"line":280,"column":20},"end":{"line":281,"column":40},"skip":true},{"start":{"line":282,"column":20},"end":{"line":283,"column":39},"skip":true}]},"20":{"line":288,"type":"if","locations":[{"start":{"line":288,"column":8},"end":{"line":288,"column":8},"skip":true},{"start":{"line":288,"column":8},"end":{"line":288,"column":8},"skip":true}]},"21":{"line":288,"type":"binary-expr","locations":[{"start":{"line":288,"column":12},"end":{"line":288,"column":40},"skip":true},{"start":{"line":288,"column":44},"end":{"line":288,"column":67},"skip":true}]},"22":{"line":292,"type":"binary-expr","locations":[{"start":{"line":292,"column":12},"end":{"line":292,"column":50},"skip":true},{"start":{"line":293,"column":12},"end":{"line":293,"column":53},"skip":true}]},"23":{"line":295,"type":"binary-expr","locations":[{"start":{"line":295,"column":12},"end":{"line":295,"column":74},"skip":true},{"start":{"line":296,"column":12},"end":{"line":301,"column":36},"skip":true}]},"24":{"line":302,"type":"binary-expr","locations":[{"start":{"line":302,"column":43},"end":{"line":302,"column":75},"skip":true},{"start":{"line":302,"column":79},"end":{"line":302,"column":81},"skip":true}]},"25":{"line":305,"type":"if","locations":[{"start":{"line":305,"column":8},"end":{"line":305,"column":8},"skip":true},{"start":{"line":305,"column":8},"end":{"line":305,"column":8},"skip":true}]},"26":{"line":309,"type":"if","locations":[{"start":{"line":309,"column":8},"end":{"line":309,"column":8},"skip":true},{"start":{"line":309,"column":8},"end":{"line":309,"column":8},"skip":true}]},"27":{"line":312,"type":"binary-expr","locations":[{"start":{"line":312,"column":27},"end":{"line":312,"column":43},"skip":true},{"start":{"line":312,"column":47},"end":{"line":312,"column":53},"skip":true}]},"28":{"line":316,"type":"if","locations":[{"start":{"line":316,"column":12},"end":{"line":316,"column":12},"skip":true},{"start":{"line":316,"column":12},"end":{"line":316,"column":12},"skip":true}]}},"code":["/*","example.js","","quickstart example","","instruction","    1. save this script as example.js","    2. run the shell command:","        $ npm install npmtest-react-highcharts && PORT=8081 node example.js","    3. play with the browser-demo on http://127.0.0.1:8081","*/","","","","/* istanbul instrument in package npmtest_react_highcharts */","/*jslint","    bitwise: true,","    browser: true,","    maxerr: 8,","    maxlen: 96,","    node: true,","    nomen: true,","    regexp: true,","    stupid: true","*/","(function () {","    'use strict';","    var local;","","","","    // run shared js-env code - pre-init","    (function () {","        // init local","        local = {};","        // init modeJs","        local.modeJs = (function () {","            try {","                return typeof navigator.userAgent === 'string' &&","                    typeof document.querySelector('body') === 'object' &&","                    typeof XMLHttpRequest.prototype.open === 'function' &&","                    'browser';","            } catch (errorCaughtBrowser) {","                return module.exports &&","                    typeof process.versions.node === 'string' &&","                    typeof require('http').createServer === 'function' &&","                    'node';","            }","        }());","        // init global","        local.global = local.modeJs === 'browser'","            ? window","            : global;","        // init utility2_rollup","        local = local.global.utility2_rollup || (local.modeJs === 'browser'","            ? local.global.utility2_npmtest_react_highcharts","            : global.utility2_moduleExports);","        // export local","        local.global.local = local;","    }());","    switch (local.modeJs) {","","","","    // post-init","    // run browser js-env code - post-init","    /* istanbul ignore next */","    case 'browser':","        local.testRunBrowser = function (event) {","            if (!event || (event &&","                    event.currentTarget &&","                    event.currentTarget.className &&","                    event.currentTarget.className.includes &&","                    event.currentTarget.className.includes('onreset'))) {","                // reset output","                Array.from(","                    document.querySelectorAll('body > .resettable')","                ).forEach(function (element) {","                    switch (element.tagName) {","                    case 'INPUT':","                    case 'TEXTAREA':","                        element.value = '';","                        break;","                    default:","                        element.textContent = '';","                    }","                });","            }","            switch (event && event.currentTarget && event.currentTarget.id) {","            case 'testRunButton1':","                // show tests","                if (document.querySelector('#testReportDiv1').style.display === 'none') {","                    document.querySelector('#testReportDiv1').style.display = 'block';","                    document.querySelector('#testRunButton1').textContent =","                        'hide internal test';","                    local.modeTest = true;","                    local.testRunDefault(local);","                // hide tests","                } else {","                    document.querySelector('#testReportDiv1').style.display = 'none';","                    document.querySelector('#testRunButton1').textContent = 'run internal test';","                }","                break;","            // custom-case","            default:","                break;","            }","            if (document.querySelector('#inputTextareaEval1') && (!event || (event &&","                    event.currentTarget &&","                    event.currentTarget.className &&","                    event.currentTarget.className.includes &&","                    event.currentTarget.className.includes('oneval')))) {","                // try to eval input-code","                try {","                    /*jslint evil: true*/","                    eval(document.querySelector('#inputTextareaEval1').value);","                } catch (errorCaught) {","                    console.error(errorCaught);","                }","            }","        };","        // log stderr and stdout to #outputTextareaStdout1","        ['error', 'log'].forEach(function (key) {","            console[key + '_original'] = console[key];","            console[key] = function () {","                var element;","                console[key + '_original'].apply(console, arguments);","                element = document.querySelector('#outputTextareaStdout1');","                if (!element) {","                    return;","                }","                // append text to #outputTextareaStdout1","                element.value += Array.from(arguments).map(function (arg) {","                    return typeof arg === 'string'","                        ? arg","                        : JSON.stringify(arg, null, 4);","                }).join(' ') + '\\n';","                // scroll textarea to bottom","                element.scrollTop = element.scrollHeight;","            };","        });","        // init event-handling","        ['change', 'click', 'keyup'].forEach(function (event) {","            Array.from(document.querySelectorAll('.on' + event)).forEach(function (element) {","                element.addEventListener(event, local.testRunBrowser);","            });","        });","        // run tests","        local.testRunBrowser();","        break;","","","","    // run node js-env code - post-init","    /* istanbul ignore next */","    case 'node':","        // export local","        module.exports = local;","        // require modules","        local.fs = require('fs');","        local.http = require('http');","        local.url = require('url');","        // init assets","        local.assetsDict = local.assetsDict || {};","        /* jslint-ignore-begin */","        local.assetsDict['/assets.index.template.html'] = '\\","<!doctype html>\\n\\","<html lang=\"en\">\\n\\","<head>\\n\\","<meta charset=\"UTF-8\">\\n\\","<meta name=\"viewport\" content=\"width=device-width, initial-scale=1\">\\n\\","<title>{{env.npm_package_name}} (v{{env.npm_package_version}})</title>\\n\\","<style>\\n\\","/*csslint\\n\\","    box-sizing: false,\\n\\","    universal-selector: false\\n\\","*/\\n\\","* {\\n\\","    box-sizing: border-box;\\n\\","}\\n\\","body {\\n\\","    background: #dde;\\n\\","    font-family: Arial, Helvetica, sans-serif;\\n\\","    margin: 2rem;\\n\\","}\\n\\","body > * {\\n\\","    margin-bottom: 1rem;\\n\\","}\\n\\",".utility2FooterDiv {\\n\\","    margin-top: 20px;\\n\\","    text-align: center;\\n\\","}\\n\\","</style>\\n\\","<style>\\n\\","/*csslint\\n\\","*/\\n\\","textarea {\\n\\","    font-family: monospace;\\n\\","    height: 10rem;\\n\\","    width: 100%;\\n\\","}\\n\\","textarea[readonly] {\\n\\","    background: #ddd;\\n\\","}\\n\\","</style>\\n\\","</head>\\n\\","<body>\\n\\","<!-- utility2-comment\\n\\","<div id=\"ajaxProgressDiv1\" style=\"background: #d00; height: 2px; left: 0; margin: 0; padding: 0; position: fixed; top: 0; transition: background 0.5s, width 1.5s; width: 25%;\"></div>\\n\\","utility2-comment -->\\n\\","<h1>\\n\\","<!-- utility2-comment\\n\\","    <a\\n\\","        {{#if env.npm_package_homepage}}\\n\\","        href=\"{{env.npm_package_homepage}}\"\\n\\","        {{/if env.npm_package_homepage}}\\n\\","        target=\"_blank\"\\n\\","    >\\n\\","utility2-comment -->\\n\\","        {{env.npm_package_name}} (v{{env.npm_package_version}})\\n\\","<!-- utility2-comment\\n\\","    </a>\\n\\","utility2-comment -->\\n\\","</h1>\\n\\","<h3>{{env.npm_package_description}}</h3>\\n\\","<!-- utility2-comment\\n\\","<h4><a download href=\"assets.app.js\">download standalone app</a></h4>\\n\\","<button class=\"onclick onreset\" id=\"testRunButton1\">run internal test</button><br>\\n\\","<div id=\"testReportDiv1\" style=\"display: none;\"></div>\\n\\","utility2-comment -->\\n\\","\\n\\","\\n\\","\\n\\","<label>stderr and stdout</label>\\n\\","<textarea class=\"resettable\" id=\"outputTextareaStdout1\" readonly></textarea>\\n\\","<!-- utility2-comment\\n\\","{{#if isRollup}}\\n\\","<script src=\"assets.app.js\"></script>\\n\\","{{#unless isRollup}}\\n\\","utility2-comment -->\\n\\","<script src=\"assets.utility2.rollup.js\"></script>\\n\\","<script src=\"jsonp.utility2._stateInit?callback=window.utility2._stateInit\"></script>\\n\\","<script src=\"assets.npmtest_react_highcharts.rollup.js\"></script>\\n\\","<script src=\"assets.example.js\"></script>\\n\\","<script src=\"assets.test.js\"></script>\\n\\","<!-- utility2-comment\\n\\","{{/if isRollup}}\\n\\","utility2-comment -->\\n\\","<div class=\"utility2FooterDiv\">\\n\\","    [ this app was created with\\n\\","    <a href=\"https://github.com/kaizhu256/node-utility2\" target=\"_blank\">utility2</a>\\n\\","    ]\\n\\","</div>\\n\\","</body>\\n\\","</html>\\n\\","';","        /* jslint-ignore-end */","        if (local.templateRender) {","            local.assetsDict['/'] = local.templateRender(","                local.assetsDict['/assets.index.template.html'],","                {","                    env: local.objectSetDefault(local.env, {","                        npm_package_description: 'the greatest app in the world!',","                        npm_package_name: 'my-app',","                        npm_package_nameAlias: 'my_app',","                        npm_package_version: '0.0.1'","                    })","                }","            );","        } else {","            local.assetsDict['/'] = local.assetsDict['/assets.index.template.html']","                .replace((/\\{\\{env\\.(\\w+?)\\}\\}/g), function (match0, match1) {","                    // jslint-hack","                    String(match0);","                    switch (match1) {","                    case 'npm_package_description':","                        return 'the greatest app in the world!';","                    case 'npm_package_name':","                        return 'my-app';","                    case 'npm_package_nameAlias':","                        return 'my_app';","                    case 'npm_package_version':","                        return '0.0.1';","                    }","                });","        }","        // run the cli","        if (local.global.utility2_rollup || module !== require.main) {","            break;","        }","        local.assetsDict['/assets.example.js'] =","            local.assetsDict['/assets.example.js'] ||","            local.fs.readFileSync(__filename, 'utf8');","        local.assetsDict['/assets.npmtest_react_highcharts.rollup.js'] =","            local.assetsDict['/assets.npmtest_react_highcharts.rollup.js'] ||","            local.fs.readFileSync(","                // buildCustomOrg-hack","                local.npmtest_react_highcharts.__dirname +","                    '/lib.npmtest_react_highcharts.js',","                'utf8'","            ).replace((/^#!/), '//');","        local.assetsDict['/favicon.ico'] = local.assetsDict['/favicon.ico'] || '';","        // if $npm_config_timeout_exit exists,","        // then exit this process after $npm_config_timeout_exit ms","        if (Number(process.env.npm_config_timeout_exit)) {","            setTimeout(process.exit, Number(process.env.npm_config_timeout_exit));","        }","        // start server","        if (local.global.utility2_serverHttp1) {","            break;","        }","        process.env.PORT = process.env.PORT || '8081';","        console.error('server starting on port ' + process.env.PORT);","        local.http.createServer(function (request, response) {","            request.urlParsed = local.url.parse(request.url);","            if (local.assetsDict[request.urlParsed.pathname] !== undefined) {","                response.end(local.assetsDict[request.urlParsed.pathname]);","                return;","            }","            response.statusCode = 404;","            response.end();","        }).listen(process.env.PORT);","        break;","    }","}());",""],"l":{"26":2,"28":2,"33":2,"35":2,"37":2,"38":2,"39":2,"44":1,"51":2,"55":2,"59":2,"61":2,"69":1,"70":2,"76":2,"79":2,"82":2,"83":2,"85":1,"89":2,"92":1,"93":1,"94":1,"96":1,"97":1,"100":1,"101":1,"103":1,"106":1,"108":2,"114":1,"116":1,"118":1,"123":1,"124":2,"125":2,"126":2,"127":2,"128":2,"129":2,"130":1,"133":2,"134":2,"139":2,"143":1,"144":3,"145":1,"149":1,"150":1,"158":1,"160":1,"161":1,"162":1,"164":1,"166":1,"258":1,"259":1,"271":1,"274":6,"275":6,"277":1,"279":2,"281":1,"283":2,"288":1,"289":1,"291":1,"294":1,"302":1,"305":1,"306":1,"309":1,"310":1,"312":1,"313":1,"314":1,"315":1,"316":1,"317":1,"318":1,"320":1,"321":1,"323":1}},"/home/travis/build/npmtest/node-npmtest-react-highcharts/node_modules/react-highcharts/dist/ReactHighcharts.js":{"path":"/home/travis/build/npmtest/node-npmtest-react-highcharts/node_modules/react-highcharts/dist/ReactHighcharts.js","s":{"1":1,"2":1,"3":1,"4":1,"5":5,"6":0,"7":5,"8":5,"9":1,"10":1,"11":1,"12":1,"13":1,"14":1,"15":0,"16":0,"17":0,"18":0,"19":0,"20":1,"21":1,"22":0,"23":0,"24":0,"25":0,"26":0,"27":0,"28":0,"29":0,"30":0,"31":0,"32":0,"33":0,"34":0,"35":1,"36":0,"37":1,"38":1,"39":1},"b":{"1":[1,0],"2":[1,1],"3":[0,0],"4":[0,0],"5":[0,0],"6":[0,5],"7":[1,0],"8":[0,0],"9":[0,1],"10":[0,0],"11":[0,0,0,0],"12":[0,0,0],"13":[0,0],"14":[0,0,0],"15":[0,0]},"f":{"1":1,"2":1,"3":1,"4":5,"5":1,"6":1,"7":1,"8":1,"9":0,"10":1,"11":0,"12":0,"13":0,"14":0,"15":0,"16":0,"17":0,"18":0,"19":0,"20":1,"21":1,"22":1},"fnMap":{"1":{"name":"(anonymous_1)","line":1,"loc":{"start":{"line":1,"column":1},"end":{"line":1,"column":14}}},"2":{"name":"(anonymous_2)","line":1,"loc":{"start":{"line":1,"column":332},"end":{"line":1,"column":345}}},"3":{"name":"(anonymous_3)","line":1,"loc":{"start":{"line":1,"column":353},"end":{"line":1,"column":364}}},"4":{"name":"r","line":1,"loc":{"start":{"line":1,"column":365},"end":{"line":1,"column":378}}},"5":{"name":"(anonymous_5)","line":1,"loc":{"start":{"line":1,"column":552},"end":{"line":1,"column":567}}},"6":{"name":"(anonymous_6)","line":1,"loc":{"start":{"line":1,"column":584},"end":{"line":1,"column":597}}},"7":{"name":"(anonymous_7)","line":1,"loc":{"start":{"line":1,"column":611},"end":{"line":1,"column":626}}},"8":{"name":"(anonymous_8)","line":1,"loc":{"start":{"line":1,"column":628},"end":{"line":1,"column":639}}},"9":{"name":"(anonymous_9)","line":1,"loc":{"start":{"line":1,"column":674},"end":{"line":1,"column":685}}},"10":{"name":"(anonymous_10)","line":1,"loc":{"start":{"line":1,"column":871},"end":{"line":1,"column":884}}},"11":{"name":"(anonymous_11)","line":1,"loc":{"start":{"line":1,"column":1122},"end":{"line":1,"column":1132}}},"12":{"name":"(anonymous_12)","line":1,"loc":{"start":{"line":1,"column":1160},"end":{"line":1,"column":1171}}},"13":{"name":"(anonymous_13)","line":1,"loc":{"start":{"line":1,"column":1437},"end":{"line":1,"column":1447}}},"14":{"name":"(anonymous_14)","line":1,"loc":{"start":{"line":1,"column":1516},"end":{"line":1,"column":1527}}},"15":{"name":"(anonymous_15)","line":1,"loc":{"start":{"line":1,"column":1641},"end":{"line":1,"column":1651}}},"16":{"name":"(anonymous_16)","line":1,"loc":{"start":{"line":1,"column":1787},"end":{"line":1,"column":1797}}},"17":{"name":"(anonymous_17)","line":1,"loc":{"start":{"line":1,"column":1856},"end":{"line":1,"column":1866}}},"18":{"name":"(anonymous_18)","line":1,"loc":{"start":{"line":1,"column":1896},"end":{"line":1,"column":1906}}},"19":{"name":"(anonymous_19)","line":1,"loc":{"start":{"line":1,"column":2016},"end":{"line":1,"column":2027}}},"20":{"name":"(anonymous_20)","line":1,"loc":{"start":{"line":1,"column":2063},"end":{"line":1,"column":2073}}},"21":{"name":"(anonymous_21)","line":1,"loc":{"start":{"line":1,"column":2091},"end":{"line":1,"column":2106}}},"22":{"name":"(anonymous_22)","line":1,"loc":{"start":{"line":1,"column":2150},"end":{"line":1,"column":2163}}}},"statementMap":{"1":{"start":{"line":1,"column":0},"end":{"line":1,"column":2181}},"2":{"start":{"line":1,"column":15},"end":{"line":1,"column":325}},"3":{"start":{"line":1,"column":346},"end":{"line":1,"column":2178}},"4":{"start":{"line":1,"column":365},"end":{"line":1,"column":510}},"5":{"start":{"line":1,"column":379},"end":{"line":1,"column":407}},"6":{"start":{"line":1,"column":387},"end":{"line":1,"column":407}},"7":{"start":{"line":1,"column":407},"end":{"line":1,"column":446}},"8":{"start":{"line":1,"column":446},"end":{"line":1,"column":509}},"9":{"start":{"line":1,"column":510},"end":{"line":1,"column":519}},"10":{"start":{"line":1,"column":519},"end":{"line":1,"column":549}},"11":{"start":{"line":1,"column":568},"end":{"line":1,"column":582}},"12":{"start":{"line":1,"column":598},"end":{"line":1,"column":609}},"13":{"start":{"line":1,"column":627},"end":{"line":1,"column":2089}},"14":{"start":{"line":1,"column":653},"end":{"line":1,"column":861}},"15":{"start":{"line":1,"column":686},"end":{"line":1,"column":811}},"16":{"start":{"line":1,"column":722},"end":{"line":1,"column":741}},"17":{"start":{"line":1,"column":741},"end":{"line":1,"column":810}},"18":{"start":{"line":1,"column":756},"end":{"line":1,"column":810}},"19":{"start":{"line":1,"column":811},"end":{"line":1,"column":819}},"20":{"start":{"line":1,"column":861},"end":{"line":1,"column":2053}},"21":{"start":{"line":1,"column":885},"end":{"line":1,"column":1977}},"22":{"start":{"line":1,"column":1172},"end":{"line":1,"column":1183}},"23":{"start":{"line":1,"column":1183},"end":{"line":1,"column":1257}},"24":{"start":{"line":1,"column":1189},"end":{"line":1,"column":1257}},"25":{"start":{"line":1,"column":1257},"end":{"line":1,"column":1271}},"26":{"start":{"line":1,"column":1271},"end":{"line":1,"column":1492}},"27":{"start":{"line":1,"column":1448},"end":{"line":1,"column":1490}},"28":{"start":{"line":1,"column":1528},"end":{"line":1,"column":1630}},"29":{"start":{"line":1,"column":1652},"end":{"line":1,"column":1750}},"30":{"start":{"line":1,"column":1667},"end":{"line":1,"column":1750}},"31":{"start":{"line":1,"column":1750},"end":{"line":1,"column":1767}},"32":{"start":{"line":1,"column":1798},"end":{"line":1,"column":1833}},"33":{"start":{"line":1,"column":1867},"end":{"line":1,"column":1887}},"34":{"start":{"line":1,"column":1907},"end":{"line":1,"column":1973}},"35":{"start":{"line":1,"column":1977},"end":{"line":1,"column":2052}},"36":{"start":{"line":1,"column":2028},"end":{"line":1,"column":2049}},"37":{"start":{"line":1,"column":2074},"end":{"line":1,"column":2085}},"38":{"start":{"line":1,"column":2120},"end":{"line":1,"column":2148}},"39":{"start":{"line":1,"column":2164},"end":{"line":1,"column":2175}}},"branchMap":{"1":{"line":1,"type":"cond-expr","locations":[{"start":{"line":1,"column":65},"end":{"line":1,"column":121}},{"start":{"line":1,"column":122},"end":{"line":1,"column":325}}]},"2":{"line":1,"type":"binary-expr","locations":[{"start":{"line":1,"column":15},"end":{"line":1,"column":39}},{"start":{"line":1,"column":41},"end":{"line":1,"column":64}}]},"3":{"line":1,"type":"cond-expr","locations":[{"start":{"line":1,"column":160},"end":{"line":1,"column":192}},{"start":{"line":1,"column":193},"end":{"line":1,"column":325}}]},"4":{"line":1,"type":"binary-expr","locations":[{"start":{"line":1,"column":122},"end":{"line":1,"column":147}},{"start":{"line":1,"column":149},"end":{"line":1,"column":159}}]},"5":{"line":1,"type":"cond-expr","locations":[{"start":{"line":1,"column":218},"end":{"line":1,"column":283}},{"start":{"line":1,"column":284},"end":{"line":1,"column":325}}]},"6":{"line":1,"type":"if","locations":[{"start":{"line":1,"column":379},"end":{"line":1,"column":379}},{"start":{"line":1,"column":379},"end":{"line":1,"column":379}}]},"7":{"line":1,"type":"binary-expr","locations":[{"start":{"line":1,"column":659},"end":{"line":1,"column":672}},{"start":{"line":1,"column":674},"end":{"line":1,"column":820}}]},"8":{"line":1,"type":"binary-expr","locations":[{"start":{"line":1,"column":756},"end":{"line":1,"column":797}},{"start":{"line":1,"column":800},"end":{"line":1,"column":809}}]},"9":{"line":1,"type":"cond-expr","locations":[{"start":{"line":1,"column":852},"end":{"line":1,"column":858}},{"start":{"line":1,"column":859},"end":{"line":1,"column":860}}]},"10":{"line":1,"type":"if","locations":[{"start":{"line":1,"column":1183},"end":{"line":1,"column":1183}},{"start":{"line":1,"column":1183},"end":{"line":1,"column":1183}}]},"11":{"line":1,"type":"binary-expr","locations":[{"start":{"line":1,"column":1363},"end":{"line":1,"column":1385}},{"start":{"line":1,"column":1387},"end":{"line":1,"column":1388}},{"start":{"line":1,"column":1390},"end":{"line":1,"column":1413}},{"start":{"line":1,"column":1415},"end":{"line":1,"column":1492}}]},"12":{"line":1,"type":"binary-expr","locations":[{"start":{"line":1,"column":1448},"end":{"line":1,"column":1455}},{"start":{"line":1,"column":1457},"end":{"line":1,"column":1472}},{"start":{"line":1,"column":1474},"end":{"line":1,"column":1490}}]},"13":{"line":1,"type":"binary-expr","locations":[{"start":{"line":1,"column":1534},"end":{"line":1,"column":1597}},{"start":{"line":1,"column":1600},"end":{"line":1,"column":1629}}]},"14":{"line":1,"type":"binary-expr","locations":[{"start":{"line":1,"column":1537},"end":{"line":1,"column":1550}},{"start":{"line":1,"column":1552},"end":{"line":1,"column":1566}},{"start":{"line":1,"column":1568},"end":{"line":1,"column":1596}}]},"15":{"line":1,"type":"if","locations":[{"start":{"line":1,"column":1652},"end":{"line":1,"column":1652}},{"start":{"line":1,"column":1652},"end":{"line":1,"column":1652}}]}},"code":["!function(t,r){\"object\"==typeof exports&&\"object\"==typeof module?module.exports=r(require(\"react\"),require(\"highcharts\")):\"function\"==typeof define&&define.amd?define([\"react\",\"highcharts\"],r):\"object\"==typeof exports?exports.ReactHighcharts=r(require(\"react\"),require(\"highcharts\")):t.ReactHighcharts=r(t.React,t.Highcharts)}(this,function(t,r){return function(t){function r(o){if(e[o])return e[o].exports;var n=e[o]={exports:{},id:o,loaded:!1};return t[o].call(n.exports,n,n.exports,r),n.loaded=!0,n.exports}var e={};return r.m=t,r.c=e,r.p=\"\",r(0)}([function(t,r,e){t.exports=e(3)},function(r,e){r.exports=t},function(t,r,e){(function(r){\"use strict\";var o=Object.assign||function(t){for(var r=1;r<arguments.length;r++){var e=arguments[r];for(var o in e)Object.prototype.hasOwnProperty.call(e,o)&&(t[o]=e[o])}return t},n=e(1),i=\"undefined\"==typeof r?window:r;t.exports=function(r,e){var c=\"Highcharts\"+r,s=n.createClass({displayName:c,propTypes:{config:n.PropTypes.object.isRequired,isPureConfig:n.PropTypes.bool,neverReflow:n.PropTypes.bool,callback:n.PropTypes.func,domProps:n.PropTypes.object},defaultProps:{callback:function(){},domProps:{}},renderChart:function(t){var n=this;if(!t)throw new Error(\"Config must be specified for the \"+c+\" component\");var s=t.chart;this.chart=new e[r](o({},t,{chart:o({},s,{renderTo:this.refs.chart})}),this.props.callback),this.props.neverReflow||i&&i.requestAnimationFrame&&requestAnimationFrame(function(){n.chart&&n.chart.options&&n.chart.reflow()})},shouldComponentUpdate:function(t){return!!(t.neverReflow||t.isPureConfig&&this.props.config===t.config)||(this.renderChart(t.config),!1)},getChart:function(){if(!this.chart)throw new Error(\"getChart() should not be called before the component is mounted\");return this.chart},componentDidMount:function(){this.renderChart(this.props.config)},componentWillUnmount:function(){this.chart.destroy()},render:function(){return n.createElement(\"div\",o({ref:\"chart\"},this.props.domProps))}});return s.Highcharts=e,s.withHighcharts=function(e){return t.exports(r,e)},s}}).call(r,function(){return this}())},function(t,r,e){\"use strict\";t.exports=e(2)(\"Chart\",e(4))},function(t,e){t.exports=r}])});"],"l":{"1":5}},"/home/travis/build/npmtest/node-npmtest-react-highcharts/node_modules/react-highcharts/ReactHighcharts.js":{"path":"/home/travis/build/npmtest/node-npmtest-react-highcharts/node_modules/react-highcharts/ReactHighcharts.js","s":{"1":1,"2":1,"3":1,"4":1,"5":5,"6":0,"7":5,"8":5,"9":1,"10":1,"11":1,"12":1,"13":1,"14":1,"15":0,"16":0,"17":0,"18":0,"19":0,"20":1,"21":1,"22":0,"23":0,"24":0,"25":0,"26":0,"27":0,"28":0,"29":0,"30":0,"31":0,"32":0,"33":0,"34":0,"35":1,"36":0,"37":1,"38":1,"39":1},"b":{"1":[1,0],"2":[1,1],"3":[0,0],"4":[0,0],"5":[0,0],"6":[0,5],"7":[1,0],"8":[0,0],"9":[0,1],"10":[0,0],"11":[0,0,0,0],"12":[0,0,0],"13":[0,0],"14":[0,0,0],"15":[0,0]},"f":{"1":1,"2":1,"3":1,"4":5,"5":1,"6":1,"7":1,"8":1,"9":0,"10":1,"11":0,"12":0,"13":0,"14":0,"15":0,"16":0,"17":0,"18":0,"19":0,"20":1,"21":1,"22":1},"fnMap":{"1":{"name":"(anonymous_1)","line":1,"loc":{"start":{"line":1,"column":1},"end":{"line":1,"column":14}}},"2":{"name":"(anonymous_2)","line":1,"loc":{"start":{"line":1,"column":332},"end":{"line":1,"column":345}}},"3":{"name":"(anonymous_3)","line":1,"loc":{"start":{"line":1,"column":353},"end":{"line":1,"column":364}}},"4":{"name":"r","line":1,"loc":{"start":{"line":1,"column":365},"end":{"line":1,"column":378}}},"5":{"name":"(anonymous_5)","line":1,"loc":{"start":{"line":1,"column":552},"end":{"line":1,"column":567}}},"6":{"name":"(anonymous_6)","line":1,"loc":{"start":{"line":1,"column":584},"end":{"line":1,"column":597}}},"7":{"name":"(anonymous_7)","line":1,"loc":{"start":{"line":1,"column":611},"end":{"line":1,"column":626}}},"8":{"name":"(anonymous_8)","line":1,"loc":{"start":{"line":1,"column":628},"end":{"line":1,"column":639}}},"9":{"name":"(anonymous_9)","line":1,"loc":{"start":{"line":1,"column":674},"end":{"line":1,"column":685}}},"10":{"name":"(anonymous_10)","line":1,"loc":{"start":{"line":1,"column":871},"end":{"line":1,"column":884}}},"11":{"name":"(anonymous_11)","line":1,"loc":{"start":{"line":1,"column":1122},"end":{"line":1,"column":1132}}},"12":{"name":"(anonymous_12)","line":1,"loc":{"start":{"line":1,"column":1160},"end":{"line":1,"column":1171}}},"13":{"name":"(anonymous_13)","line":1,"loc":{"start":{"line":1,"column":1437},"end":{"line":1,"column":1447}}},"14":{"name":"(anonymous_14)","line":1,"loc":{"start":{"line":1,"column":1516},"end":{"line":1,"column":1527}}},"15":{"name":"(anonymous_15)","line":1,"loc":{"start":{"line":1,"column":1641},"end":{"line":1,"column":1651}}},"16":{"name":"(anonymous_16)","line":1,"loc":{"start":{"line":1,"column":1787},"end":{"line":1,"column":1797}}},"17":{"name":"(anonymous_17)","line":1,"loc":{"start":{"line":1,"column":1856},"end":{"line":1,"column":1866}}},"18":{"name":"(anonymous_18)","line":1,"loc":{"start":{"line":1,"column":1896},"end":{"line":1,"column":1906}}},"19":{"name":"(anonymous_19)","line":1,"loc":{"start":{"line":1,"column":2016},"end":{"line":1,"column":2027}}},"20":{"name":"(anonymous_20)","line":1,"loc":{"start":{"line":1,"column":2063},"end":{"line":1,"column":2073}}},"21":{"name":"(anonymous_21)","line":1,"loc":{"start":{"line":1,"column":2091},"end":{"line":1,"column":2106}}},"22":{"name":"(anonymous_22)","line":1,"loc":{"start":{"line":1,"column":2150},"end":{"line":1,"column":2163}}}},"statementMap":{"1":{"start":{"line":1,"column":0},"end":{"line":1,"column":2181}},"2":{"start":{"line":1,"column":15},"end":{"line":1,"column":325}},"3":{"start":{"line":1,"column":346},"end":{"line":1,"column":2178}},"4":{"start":{"line":1,"column":365},"end":{"line":1,"column":510}},"5":{"start":{"line":1,"column":379},"end":{"line":1,"column":407}},"6":{"start":{"line":1,"column":387},"end":{"line":1,"column":407}},"7":{"start":{"line":1,"column":407},"end":{"line":1,"column":446}},"8":{"start":{"line":1,"column":446},"end":{"line":1,"column":509}},"9":{"start":{"line":1,"column":510},"end":{"line":1,"column":519}},"10":{"start":{"line":1,"column":519},"end":{"line":1,"column":549}},"11":{"start":{"line":1,"column":568},"end":{"line":1,"column":582}},"12":{"start":{"line":1,"column":598},"end":{"line":1,"column":609}},"13":{"start":{"line":1,"column":627},"end":{"line":1,"column":2089}},"14":{"start":{"line":1,"column":653},"end":{"line":1,"column":861}},"15":{"start":{"line":1,"column":686},"end":{"line":1,"column":811}},"16":{"start":{"line":1,"column":722},"end":{"line":1,"column":741}},"17":{"start":{"line":1,"column":741},"end":{"line":1,"column":810}},"18":{"start":{"line":1,"column":756},"end":{"line":1,"column":810}},"19":{"start":{"line":1,"column":811},"end":{"line":1,"column":819}},"20":{"start":{"line":1,"column":861},"end":{"line":1,"column":2053}},"21":{"start":{"line":1,"column":885},"end":{"line":1,"column":1977}},"22":{"start":{"line":1,"column":1172},"end":{"line":1,"column":1183}},"23":{"start":{"line":1,"column":1183},"end":{"line":1,"column":1257}},"24":{"start":{"line":1,"column":1189},"end":{"line":1,"column":1257}},"25":{"start":{"line":1,"column":1257},"end":{"line":1,"column":1271}},"26":{"start":{"line":1,"column":1271},"end":{"line":1,"column":1492}},"27":{"start":{"line":1,"column":1448},"end":{"line":1,"column":1490}},"28":{"start":{"line":1,"column":1528},"end":{"line":1,"column":1630}},"29":{"start":{"line":1,"column":1652},"end":{"line":1,"column":1750}},"30":{"start":{"line":1,"column":1667},"end":{"line":1,"column":1750}},"31":{"start":{"line":1,"column":1750},"end":{"line":1,"column":1767}},"32":{"start":{"line":1,"column":1798},"end":{"line":1,"column":1833}},"33":{"start":{"line":1,"column":1867},"end":{"line":1,"column":1887}},"34":{"start":{"line":1,"column":1907},"end":{"line":1,"column":1973}},"35":{"start":{"line":1,"column":1977},"end":{"line":1,"column":2052}},"36":{"start":{"line":1,"column":2028},"end":{"line":1,"column":2049}},"37":{"start":{"line":1,"column":2074},"end":{"line":1,"column":2085}},"38":{"start":{"line":1,"column":2120},"end":{"line":1,"column":2148}},"39":{"start":{"line":1,"column":2164},"end":{"line":1,"column":2175}}},"branchMap":{"1":{"line":1,"type":"cond-expr","locations":[{"start":{"line":1,"column":65},"end":{"line":1,"column":121}},{"start":{"line":1,"column":122},"end":{"line":1,"column":325}}]},"2":{"line":1,"type":"binary-expr","locations":[{"start":{"line":1,"column":15},"end":{"line":1,"column":39}},{"start":{"line":1,"column":41},"end":{"line":1,"column":64}}]},"3":{"line":1,"type":"cond-expr","locations":[{"start":{"line":1,"column":160},"end":{"line":1,"column":192}},{"start":{"line":1,"column":193},"end":{"line":1,"column":325}}]},"4":{"line":1,"type":"binary-expr","locations":[{"start":{"line":1,"column":122},"end":{"line":1,"column":147}},{"start":{"line":1,"column":149},"end":{"line":1,"column":159}}]},"5":{"line":1,"type":"cond-expr","locations":[{"start":{"line":1,"column":218},"end":{"line":1,"column":283}},{"start":{"line":1,"column":284},"end":{"line":1,"column":325}}]},"6":{"line":1,"type":"if","locations":[{"start":{"line":1,"column":379},"end":{"line":1,"column":379}},{"start":{"line":1,"column":379},"end":{"line":1,"column":379}}]},"7":{"line":1,"type":"binary-expr","locations":[{"start":{"line":1,"column":659},"end":{"line":1,"column":672}},{"start":{"line":1,"column":674},"end":{"line":1,"column":820}}]},"8":{"line":1,"type":"binary-expr","locations":[{"start":{"line":1,"column":756},"end":{"line":1,"column":797}},{"start":{"line":1,"column":800},"end":{"line":1,"column":809}}]},"9":{"line":1,"type":"cond-expr","locations":[{"start":{"line":1,"column":852},"end":{"line":1,"column":858}},{"start":{"line":1,"column":859},"end":{"line":1,"column":860}}]},"10":{"line":1,"type":"if","locations":[{"start":{"line":1,"column":1183},"end":{"line":1,"column":1183}},{"start":{"line":1,"column":1183},"end":{"line":1,"column":1183}}]},"11":{"line":1,"type":"binary-expr","locations":[{"start":{"line":1,"column":1363},"end":{"line":1,"column":1385}},{"start":{"line":1,"column":1387},"end":{"line":1,"column":1388}},{"start":{"line":1,"column":1390},"end":{"line":1,"column":1413}},{"start":{"line":1,"column":1415},"end":{"line":1,"column":1492}}]},"12":{"line":1,"type":"binary-expr","locations":[{"start":{"line":1,"column":1448},"end":{"line":1,"column":1455}},{"start":{"line":1,"column":1457},"end":{"line":1,"column":1472}},{"start":{"line":1,"column":1474},"end":{"line":1,"column":1490}}]},"13":{"line":1,"type":"binary-expr","locations":[{"start":{"line":1,"column":1534},"end":{"line":1,"column":1597}},{"start":{"line":1,"column":1600},"end":{"line":1,"column":1629}}]},"14":{"line":1,"type":"binary-expr","locations":[{"start":{"line":1,"column":1537},"end":{"line":1,"column":1550}},{"start":{"line":1,"column":1552},"end":{"line":1,"column":1566}},{"start":{"line":1,"column":1568},"end":{"line":1,"column":1596}}]},"15":{"line":1,"type":"if","locations":[{"start":{"line":1,"column":1652},"end":{"line":1,"column":1652}},{"start":{"line":1,"column":1652},"end":{"line":1,"column":1652}}]}},"code":["!function(t,r){\"object\"==typeof exports&&\"object\"==typeof module?module.exports=r(require(\"react\"),require(\"highcharts\")):\"function\"==typeof define&&define.amd?define([\"react\",\"highcharts\"],r):\"object\"==typeof exports?exports.ReactHighcharts=r(require(\"react\"),require(\"highcharts\")):t.ReactHighcharts=r(t.React,t.Highcharts)}(this,function(t,r){return function(t){function r(o){if(e[o])return e[o].exports;var n=e[o]={exports:{},id:o,loaded:!1};return t[o].call(n.exports,n,n.exports,r),n.loaded=!0,n.exports}var e={};return r.m=t,r.c=e,r.p=\"\",r(0)}([function(t,r,e){t.exports=e(3)},function(r,e){r.exports=t},function(t,r,e){(function(r){\"use strict\";var o=Object.assign||function(t){for(var r=1;r<arguments.length;r++){var e=arguments[r];for(var o in e)Object.prototype.hasOwnProperty.call(e,o)&&(t[o]=e[o])}return t},n=e(1),i=\"undefined\"==typeof r?window:r;t.exports=function(r,e){var c=\"Highcharts\"+r,s=n.createClass({displayName:c,propTypes:{config:n.PropTypes.object.isRequired,isPureConfig:n.PropTypes.bool,neverReflow:n.PropTypes.bool,callback:n.PropTypes.func,domProps:n.PropTypes.object},defaultProps:{callback:function(){},domProps:{}},renderChart:function(t){var n=this;if(!t)throw new Error(\"Config must be specified for the \"+c+\" component\");var s=t.chart;this.chart=new e[r](o({},t,{chart:o({},s,{renderTo:this.refs.chart})}),this.props.callback),this.props.neverReflow||i&&i.requestAnimationFrame&&requestAnimationFrame(function(){n.chart&&n.chart.options&&n.chart.reflow()})},shouldComponentUpdate:function(t){return!!(t.neverReflow||t.isPureConfig&&this.props.config===t.config)||(this.renderChart(t.config),!1)},getChart:function(){if(!this.chart)throw new Error(\"getChart() should not be called before the component is mounted\");return this.chart},componentDidMount:function(){this.renderChart(this.props.config)},componentWillUnmount:function(){this.chart.destroy()},render:function(){return n.createElement(\"div\",o({ref:\"chart\"},this.props.domProps))}});return s.Highcharts=e,s.withHighcharts=function(e){return t.exports(r,e)},s}}).call(r,function(){return this}())},function(t,r,e){\"use strict\";t.exports=e(2)(\"Chart\",e(4))},function(t,e){t.exports=r}])});"],"l":{"1":5}},"/home/travis/build/npmtest/node-npmtest-react-highcharts/node_modules/react-highcharts/ReactHighcharts.src.js":{"path":"/home/travis/build/npmtest/node-npmtest-react-highcharts/node_modules/react-highcharts/ReactHighcharts.src.js","s":{"1":1,"2":1,"3":1,"4":0,"5":0,"6":0,"7":0,"8":0,"9":1,"10":1,"11":1,"12":5,"13":0,"14":5,"15":5,"16":5,"17":5,"18":1,"19":1,"20":1,"21":1,"22":1,"23":1,"24":1,"25":1,"26":0,"27":0,"28":0,"29":0,"30":0,"31":0,"32":1,"33":1,"34":1,"35":1,"36":1,"37":0,"38":0,"39":0,"40":0,"41":0,"42":0,"43":0,"44":0,"45":0,"46":0,"47":0,"48":0,"49":0,"50":0,"51":0,"52":0,"53":0,"54":0,"55":1,"56":1,"57":0,"58":1,"59":1,"60":1,"61":1},"b":{"1":[1,0],"2":[1,1],"3":[0,0],"4":[0,0],"5":[0,0],"6":[0,5],"7":[1,0],"8":[0,0],"9":[0,1],"10":[0,0],"11":[0,0],"12":[0,0,0],"13":[0,0,0],"14":[0,0],"15":[0,0,0],"16":[0,0]},"f":{"1":1,"2":1,"3":1,"4":5,"5":1,"6":1,"7":1,"8":1,"9":0,"10":1,"11":0,"12":0,"13":0,"14":0,"15":0,"16":0,"17":0,"18":0,"19":0,"20":1,"21":1,"22":1},"fnMap":{"1":{"name":"webpackUniversalModuleDefinition","line":1,"loc":{"start":{"line":1,"column":1},"end":{"line":1,"column":58}}},"2":{"name":"(anonymous_2)","line":10,"loc":{"start":{"line":10,"column":9},"end":{"line":10,"column":80}}},"3":{"name":"(anonymous_3)","line":11,"loc":{"start":{"line":11,"column":17},"end":{"line":11,"column":35}}},"4":{"name":"__webpack_require__","line":16,"loc":{"start":{"line":16,"column":10},"end":{"line":16,"column":49}}},"5":{"name":"(anonymous_5)","line":55,"loc":{"start":{"line":55,"column":6},"end":{"line":55,"column":53}}},"6":{"name":"(anonymous_6)","line":62,"loc":{"start":{"line":62,"column":6},"end":{"line":62,"column":53}}},"7":{"name":"(anonymous_7)","line":70,"loc":{"start":{"line":70,"column":6},"end":{"line":70,"column":53}}},"8":{"name":"(anonymous_8)","line":72,"loc":{"start":{"line":72,"column":29},"end":{"line":72,"column":46}}},"9":{"name":"(anonymous_9)","line":74,"loc":{"start":{"line":74,"column":33},"end":{"line":74,"column":51}}},"10":{"name":"(anonymous_10)","line":79,"loc":{"start":{"line":79,"column":18},"end":{"line":79,"column":51}}},"11":{"name":"callback","line":93,"loc":{"start":{"line":93,"column":17},"end":{"line":93,"column":37}}},"12":{"name":"renderChart","line":97,"loc":{"start":{"line":97,"column":18},"end":{"line":97,"column":47}}},"13":{"name":"(anonymous_13)","line":111,"loc":{"start":{"line":111,"column":67},"end":{"line":111,"column":79}}},"14":{"name":"shouldComponentUpdate","line":117,"loc":{"start":{"line":117,"column":28},"end":{"line":117,"column":70}}},"15":{"name":"getChart","line":126,"loc":{"start":{"line":126,"column":15},"end":{"line":126,"column":35}}},"16":{"name":"componentDidMount","line":133,"loc":{"start":{"line":133,"column":24},"end":{"line":133,"column":53}}},"17":{"name":"componentWillUnmount","line":137,"loc":{"start":{"line":137,"column":27},"end":{"line":137,"column":59}}},"18":{"name":"render","line":142,"loc":{"start":{"line":142,"column":13},"end":{"line":142,"column":31}}},"19":{"name":"(anonymous_19)","line":148,"loc":{"start":{"line":148,"column":27},"end":{"line":148,"column":49}}},"20":{"name":"(anonymous_20)","line":153,"loc":{"start":{"line":153,"column":45},"end":{"line":153,"column":56}}},"21":{"name":"(anonymous_21)","line":157,"loc":{"start":{"line":157,"column":6},"end":{"line":157,"column":32}}},"22":{"name":"(anonymous_22)","line":163,"loc":{"start":{"line":163,"column":6},"end":{"line":163,"column":32}}}},"statementMap":{"1":{"start":{"line":1,"column":0},"end":{"line":169,"column":3}},"2":{"start":{"line":2,"column":1},"end":{"line":9,"column":71}},"3":{"start":{"line":3,"column":2},"end":{"line":3,"column":68}},"4":{"start":{"line":4,"column":6},"end":{"line":9,"column":71}},"5":{"start":{"line":5,"column":2},"end":{"line":5,"column":43}},"6":{"start":{"line":6,"column":6},"end":{"line":9,"column":71}},"7":{"start":{"line":7,"column":2},"end":{"line":7,"column":80}},"8":{"start":{"line":9,"column":2},"end":{"line":9,"column":71}},"9":{"start":{"line":11,"column":0},"end":{"line":168,"column":11}},"10":{"start":{"line":13,"column":10},"end":{"line":13,"column":36}},"11":{"start":{"line":16,"column":10},"end":{"line":37,"column":11}},"12":{"start":{"line":19,"column":11},"end":{"line":20,"column":54}},"13":{"start":{"line":20,"column":12},"end":{"line":20,"column":54}},"14":{"start":{"line":23,"column":11},"end":{"line":27,"column":13}},"15":{"start":{"line":30,"column":11},"end":{"line":30,"column":95}},"16":{"start":{"line":33,"column":11},"end":{"line":33,"column":32}},"17":{"start":{"line":36,"column":11},"end":{"line":36,"column":33}},"18":{"start":{"line":41,"column":10},"end":{"line":41,"column":42}},"19":{"start":{"line":44,"column":10},"end":{"line":44,"column":51}},"20":{"start":{"line":47,"column":10},"end":{"line":47,"column":37}},"21":{"start":{"line":50,"column":10},"end":{"line":50,"column":40}},"22":{"start":{"line":57,"column":1},"end":{"line":57,"column":41}},"23":{"start":{"line":66,"column":1},"end":{"line":66,"column":74}},"24":{"start":{"line":72,"column":28},"end":{"line":153,"column":77}},"25":{"start":{"line":74,"column":1},"end":{"line":74,"column":258}},"26":{"start":{"line":74,"column":53},"end":{"line":74,"column":240}},"27":{"start":{"line":74,"column":98},"end":{"line":74,"column":124}},"28":{"start":{"line":74,"column":125},"end":{"line":74,"column":238}},"29":{"start":{"line":74,"column":151},"end":{"line":74,"column":236}},"30":{"start":{"line":74,"column":208},"end":{"line":74,"column":234}},"31":{"start":{"line":74,"column":241},"end":{"line":74,"column":255}},"32":{"start":{"line":76,"column":1},"end":{"line":76,"column":36}},"33":{"start":{"line":77,"column":1},"end":{"line":77,"column":59}},"34":{"start":{"line":79,"column":1},"end":{"line":152,"column":3}},"35":{"start":{"line":80,"column":3},"end":{"line":80,"column":46}},"36":{"start":{"line":81,"column":3},"end":{"line":145,"column":6}},"37":{"start":{"line":98,"column":7},"end":{"line":98,"column":24}},"38":{"start":{"line":100,"column":7},"end":{"line":102,"column":8}},"39":{"start":{"line":101,"column":9},"end":{"line":101,"column":91}},"40":{"start":{"line":103,"column":7},"end":{"line":103,"column":38}},"41":{"start":{"line":104,"column":7},"end":{"line":108,"column":32}},"42":{"start":{"line":110,"column":7},"end":{"line":114,"column":8}},"43":{"start":{"line":111,"column":9},"end":{"line":113,"column":12}},"44":{"start":{"line":112,"column":11},"end":{"line":112,"column":70}},"45":{"start":{"line":118,"column":7},"end":{"line":120,"column":8}},"46":{"start":{"line":119,"column":9},"end":{"line":119,"column":21}},"47":{"start":{"line":121,"column":7},"end":{"line":121,"column":42}},"48":{"start":{"line":122,"column":7},"end":{"line":122,"column":20}},"49":{"start":{"line":127,"column":7},"end":{"line":129,"column":8}},"50":{"start":{"line":128,"column":9},"end":{"line":128,"column":92}},"51":{"start":{"line":130,"column":7},"end":{"line":130,"column":25}},"52":{"start":{"line":134,"column":7},"end":{"line":134,"column":43}},"53":{"start":{"line":138,"column":7},"end":{"line":138,"column":28}},"54":{"start":{"line":143,"column":7},"end":{"line":143,"column":90}},"55":{"start":{"line":147,"column":3},"end":{"line":147,"column":34}},"56":{"start":{"line":148,"column":3},"end":{"line":150,"column":5}},"57":{"start":{"line":149,"column":5},"end":{"line":149,"column":50}},"58":{"start":{"line":151,"column":3},"end":{"line":151,"column":17}},"59":{"start":{"line":153,"column":58},"end":{"line":153,"column":70}},"60":{"start":{"line":159,"column":1},"end":{"line":159,"column":48}},"61":{"start":{"line":165,"column":1},"end":{"line":165,"column":48}}},"branchMap":{"1":{"line":2,"type":"if","locations":[{"start":{"line":2,"column":1},"end":{"line":2,"column":1}},{"start":{"line":2,"column":1},"end":{"line":2,"column":1}}]},"2":{"line":2,"type":"binary-expr","locations":[{"start":{"line":2,"column":4},"end":{"line":2,"column":31}},{"start":{"line":2,"column":35},"end":{"line":2,"column":61}}]},"3":{"line":4,"type":"if","locations":[{"start":{"line":4,"column":6},"end":{"line":4,"column":6}},{"start":{"line":4,"column":6},"end":{"line":4,"column":6}}]},"4":{"line":4,"type":"binary-expr","locations":[{"start":{"line":4,"column":9},"end":{"line":4,"column":37}},{"start":{"line":4,"column":41},"end":{"line":4,"column":51}}]},
[...]
e":"binary-expr","locations":[{"start":{"line":1,"column":15},"end":{"line":1,"column":39}},{"start":{"line":1,"column":41},"end":{"line":1,"column":64}}]},"3":{"line":1,"type":"cond-expr","locations":[{"start":{"line":1,"column":138},"end":{"line":1,"column":157}},{"start":{"line":1,"column":158},"end":{"line":1,"column":251}}]},"4":{"line":1,"type":"binary-expr","locations":[{"start":{"line":1,"column":100},"end":{"line":1,"column":125}},{"start":{"line":1,"column":127},"end":{"line":1,"column":137}}]},"5":{"line":1,"type":"cond-expr","locations":[{"start":{"line":1,"column":183},"end":{"line":1,"column":224}},{"start":{"line":1,"column":225},"end":{"line":1,"column":251}}]},"6":{"line":1,"type":"if","locations":[{"start":{"line":1,"column":303},"end":{"line":1,"column":303}},{"start":{"line":1,"column":303},"end":{"line":1,"column":303}}]},"7":{"line":1,"type":"if","locations":[{"start":{"line":1,"column":654},"end":{"line":1,"column":654}},{"start":{"line":1,"column":654},"end":{"line":1,"column":654}}]},"8":{"line":1,"type":"if","locations":[{"start":{"line":1,"column":779},"end":{"line":1,"column":779}},{"start":{"line":1,"column":779},"end":{"line":1,"column":779}}]},"9":{"line":1,"type":"if","locations":[{"start":{"line":1,"column":932},"end":{"line":1,"column":932}},{"start":{"line":1,"column":932},"end":{"line":1,"column":932}}]},"10":{"line":1,"type":"binary-expr","locations":[{"start":{"line":1,"column":935},"end":{"line":1,"column":937}},{"start":{"line":1,"column":939},"end":{"line":1,"column":947}}]},"11":{"line":1,"type":"binary-expr","locations":[{"start":{"line":1,"column":1205},"end":{"line":1,"column":1206}},{"start":{"line":1,"column":1208},"end":{"line":1,"column":1226}}]}},"code":["!function(e,r){\"object\"==typeof exports&&\"object\"==typeof module?module.exports=r(require(\"react\")):\"function\"==typeof define&&define.amd?define([\"react\"],r):\"object\"==typeof exports?exports.RedrawOnPrint=r(require(\"react\")):e.RedrawOnPrint=r(e.React)}(this,function(e){return function(e){function r(n){if(t[n])return t[n].exports;var i=t[n]={exports:{},id:n,loaded:!1};return e[n].call(i.exports,i,i.exports,r),i.loaded=!0,i.exports}var t={};return r.m=e,r.c=t,r.p=\"\",r(0)}([function(e,r,t){e.exports=t(7)},function(r,t){r.exports=e},,,,,,function(e,r,t){\"use strict\";var n=t(1),i=n.createClass({displayName:\"RedrawOnPrint\",componentDidMount:function(){if(window.matchMedia){var e=window.matchMedia(\"print\");e.addListener(this._reflowChildren)}},componentWillUnmount:function(){if(window.matchMedia){var e=window.matchMedia(\"print\");e.removeListener(this._reflowChildren)}},_reflowChildren:function(){this.children.map(function(e){if(!e||!e.chart)throw new Error(\"RedrawOnPrint child should be a highcharts\");e.chart.reflow()})},render:function(){var e=this;return this.children=[],n.createElement(\"div\",null,n.Children.map(this.props.children,function(r){return n.cloneElement(r,{ref:function(r){return r&&e.children.push(r)}})}))}});e.exports=i}])});"],"l":{"1":3}},"/home/travis/build/npmtest/node-npmtest-react-highcharts/node_modules/react-highcharts/RedrawOnPrint.src.js":{"path":"/home/travis/build/npmtest/node-npmtest-react-highcharts/node_modules/react-highcharts/RedrawOnPrint.src.js","s":{"1":1,"2":1,"3":1,"4":0,"5":0,"6":0,"7":0,"8":0,"9":1,"10":1,"11":1,"12":3,"13":0,"14":3,"15":3,"16":3,"17":3,"18":1,"19":1,"20":1,"21":1,"22":1,"23":1,"24":1,"25":1,"26":0,"27":0,"28":0,"29":0,"30":0,"31":0,"32":0,"33":0,"34":0,"35":0,"36":0,"37":0,"38":0,"39":0,"40":0,"41":1},"b":{"1":[1,0],"2":[1,1],"3":[0,0],"4":[0,0],"5":[0,0],"6":[0,3],"7":[0,0],"8":[0,0],"9":[0,0],"10":[0,0],"11":[0,0]},"f":{"1":1,"2":1,"3":1,"4":3,"5":1,"6":1,"7":1,"8":0,"9":0,"10":0,"11":0,"12":0,"13":0,"14":0},"fnMap":{"1":{"name":"webpackUniversalModuleDefinition","line":1,"loc":{"start":{"line":1,"column":1},"end":{"line":1,"column":58}}},"2":{"name":"(anonymous_2)","line":10,"loc":{"start":{"line":10,"column":9},"end":{"line":10,"column":49}}},"3":{"name":"(anonymous_3)","line":11,"loc":{"start":{"line":11,"column":17},"end":{"line":11,"column":35}}},"4":{"name":"__webpack_require__","line":16,"loc":{"start":{"line":16,"column":10},"end":{"line":16,"column":49}}},"5":{"name":"(anonymous_5)","line":56,"loc":{"start":{"line":56,"column":6},"end":{"line":56,"column":53}}},"6":{"name":"(anonymous_6)","line":64,"loc":{"start":{"line":64,"column":6},"end":{"line":64,"column":32}}},"7":{"name":"(anonymous_7)","line":71,"loc":{"start":{"line":71,"column":6},"end":{"line":71,"column":53}}},"8":{"name":"componentDidMount","line":79,"loc":{"start":{"line":79,"column":22},"end":{"line":79,"column":51}}},"9":{"name":"componentWillUnmount","line":88,"loc":{"start":{"line":88,"column":25},"end":{"line":88,"column":57}}},"10":{"name":"_reflowChildren","line":94,"loc":{"start":{"line":94,"column":20},"end":{"line":94,"column":47}}},"11":{"name":"(anonymous_11)","line":95,"loc":{"start":{"line":95,"column":23},"end":{"line":95,"column":40}}},"12":{"name":"render","line":102,"loc":{"start":{"line":102,"column":11},"end":{"line":102,"column":29}}},"13":{"name":"(anonymous_13)","line":109,"loc":{"start":{"line":109,"column":47},"end":{"line":109,"column":64}}},"14":{"name":"ref","line":111,"loc":{"start":{"line":111,"column":16},"end":{"line":111,"column":32}}}},"statementMap":{"1":{"start":{"line":1,"column":0},"end":{"line":125,"column":3}},"2":{"start":{"line":2,"column":1},"end":{"line":9,"column":49}},"3":{"start":{"line":3,"column":2},"end":{"line":3,"column":45}},"4":{"start":{"line":4,"column":6},"end":{"line":9,"column":49}},"5":{"start":{"line":5,"column":2},"end":{"line":5,"column":29}},"6":{"start":{"line":6,"column":6},"end":{"line":9,"column":49}},"7":{"start":{"line":7,"column":2},"end":{"line":7,"column":55}},"8":{"start":{"line":9,"column":2},"end":{"line":9,"column":49}},"9":{"start":{"line":11,"column":0},"end":{"line":124,"column":11}},"10":{"start":{"line":13,"column":10},"end":{"line":13,"column":36}},"11":{"start":{"line":16,"column":10},"end":{"line":37,"column":11}},"12":{"start":{"line":19,"column":11},"end":{"line":20,"column":54}},"13":{"start":{"line":20,"column":12},"end":{"line":20,"column":54}},"14":{"start":{"line":23,"column":11},"end":{"line":27,"column":13}},"15":{"start":{"line":30,"column":11},"end":{"line":30,"column":95}},"16":{"start":{"line":33,"column":11},"end":{"line":33,"column":32}},"17":{"start":{"line":36,"column":11},"end":{"line":36,"column":33}},"18":{"start":{"line":41,"column":10},"end":{"line":41,"column":42}},"19":{"start":{"line":44,"column":10},"end":{"line":44,"column":51}},"20":{"start":{"line":47,"column":10},"end":{"line":47,"column":37}},"21":{"start":{"line":50,"column":10},"end":{"line":50,"column":40}},"22":{"start":{"line":58,"column":1},"end":{"line":58,"column":41}},"23":{"start":{"line":66,"column":1},"end":{"line":66,"column":48}},"24":{"start":{"line":75,"column":1},"end":{"line":75,"column":36}},"25":{"start":{"line":77,"column":1},"end":{"line":118,"column":4}},"26":{"start":{"line":83,"column":5},"end":{"line":86,"column":6}},"27":{"start":{"line":84,"column":7},"end":{"line":84,"column":55}},"28":{"start":{"line":85,"column":7},"end":{"line":85,"column":56}},"29":{"start":{"line":89,"column":5},"end":{"line":92,"column":6}},"30":{"start":{"line":90,"column":7},"end":{"line":90,"column":55}},"31":{"start":{"line":91,"column":7},"end":{"line":91,"column":59}},"32":{"start":{"line":95,"column":5},"end":{"line":100,"column":8}},"33":{"start":{"line":96,"column":7},"end":{"line":98,"column":8}},"34":{"start":{"line":97,"column":9},"end":{"line":97,"column":71}},"35":{"start":{"line":99,"column":7},"end":{"line":99,"column":28}},"36":{"start":{"line":103,"column":5},"end":{"line":103,"column":22}},"37":{"start":{"line":105,"column":5},"end":{"line":105,"column":24}},"38":{"start":{"line":106,"column":5},"end":{"line":116,"column":7}},"39":{"start":{"line":110,"column":9},"end":{"line":114,"column":12}},"40":{"start":{"line":112,"column":13},"end":{"line":112,"column":48}},"41":{"start":{"line":120,"column":1},"end":{"line":120,"column":32}}},"branchMap":{"1":{"line":2,"type":"if","locations":[{"start":{"line":2,"column":1},"end":{"line":2,"column":1}},{"start":{"line":2,"column":1},"end":{"line":2,"column":1}}]},"2":{"line":2,"type":"binary-expr","locations":[{"start":{"line":2,"column":4},"end":{"line":2,"column":31}},{"start":{"line":2,"column":35},"end":{"line":2,"column":61}}]},"3":{"line":4,"type":"if","locations":[{"start":{"line":4,"column":6},"end":{"line":4,"column":6}},{"start":{"line":4,"column":6},"end":{"line":4,"column":6}}]},"4":{"line":4,"type":"binary-expr","locations":[{"start":{"line":4,"column":9},"end":{"line":4,"column":37}},{"start":{"line":4,"column":41},"end":{"line":4,"column":51}}]},"5":{"line":6,"type":"if","locations":[{"start":{"line":6,"column":6},"end":{"line":6,"column":6}},{"start":{"line":6,"column":6},"end":{"line":6,"column":6}}]},"6":{"line":19,"type":"if","locations":[{"start":{"line":19,"column":11},"end":{"line":19,"column":11}},{"start":{"line":19,"column":11},"end":{"line":19,"column":11}}]},"7":{"line":83,"type":"if","locations":[{"start":{"line":83,"column":5},"end":{"line":83,"column":5}},{"start":{"line":83,"column":5},"end":{"line":83,"column":5}}]},"8":{"line":89,"type":"if","locations":[{"start":{"line":89,"column":5},"end":{"line":89,"column":5}},{"start":{"line":89,"column":5},"end":{"line":89,"column":5}}]},"9":{"line":96,"type":"if","locations":[{"start":{"line":96,"column":7},"end":{"line":96,"column":7}},{"start":{"line":96,"column":7},"end":{"line":96,"column":7}}]},"10":{"line":96,"type":"binary-expr","locations":[{"start":{"line":96,"column":11},"end":{"line":96,"column":17}},{"start":{"line":96,"column":21},"end":{"line":96,"column":33}}]},"11":{"line":112,"type":"binary-expr","locations":[{"start":{"line":112,"column":20},"end":{"line":112,"column":21}},{"start":{"line":112,"column":25},"end":{"line":112,"column":47}}]}},"code":["(function webpackUniversalModuleDefinition(root, factory) {","\tif(typeof exports === 'object' && typeof module === 'object')","\t\tmodule.exports = factory(require(\"react\"));","\telse if(typeof define === 'function' && define.amd)","\t\tdefine([\"react\"], factory);","\telse if(typeof exports === 'object')","\t\texports[\"RedrawOnPrint\"] = factory(require(\"react\"));","\telse","\t\troot[\"RedrawOnPrint\"] = factory(root[\"React\"]);","})(this, function(__WEBPACK_EXTERNAL_MODULE_3__) {","return /******/ (function(modules) { // webpackBootstrap","/******/ \t// The module cache","/******/ \tvar installedModules = {};","","/******/ \t// The require function","/******/ \tfunction __webpack_require__(moduleId) {","","/******/ \t\t// Check if module is in cache","/******/ \t\tif(installedModules[moduleId])","/******/ \t\t\treturn installedModules[moduleId].exports;","","/******/ \t\t// Create a new module (and put it into the cache)","/******/ \t\tvar module = installedModules[moduleId] = {","/******/ \t\t\texports: {},","/******/ \t\t\tid: moduleId,","/******/ \t\t\tloaded: false","/******/ \t\t};","","/******/ \t\t// Execute the module function","/******/ \t\tmodules[moduleId].call(module.exports, module, module.exports, __webpack_require__);","","/******/ \t\t// Flag the module as loaded","/******/ \t\tmodule.loaded = true;","","/******/ \t\t// Return the exports of the module","/******/ \t\treturn module.exports;","/******/ \t}","","","/******/ \t// expose the modules object (__webpack_modules__)","/******/ \t__webpack_require__.m = modules;","","/******/ \t// expose the module cache","/******/ \t__webpack_require__.c = installedModules;","","/******/ \t// __webpack_public_path__","/******/ \t__webpack_require__.p = \"\";","","/******/ \t// Load entry module and return exports","/******/ \treturn __webpack_require__(0);","/******/ })","/************************************************************************/","/******/ ({","","/***/ 0:","/***/ function(module, exports, __webpack_require__) {","","\tmodule.exports = __webpack_require__(9);","","","/***/ },","","/***/ 3:","/***/ function(module, exports) {","","\tmodule.exports = __WEBPACK_EXTERNAL_MODULE_3__;","","/***/ },","","/***/ 9:","/***/ function(module, exports, __webpack_require__) {","","\t'use strict';","","\tvar React = __webpack_require__(3);","","\tvar RedrawOnPrint = React.createClass({","\t  displayName: 'RedrawOnPrint',","\t  componentDidMount: function componentDidMount() {","\t    // This is a listiner bind to the print media query","\t    // it call reflow since highcharts doesn't reflow upon print","\t    // http://stackoverflow.com/questions/32821003/redraw-resize-highcharts-when-printing-website","\t    if (window.matchMedia) {","\t      var mediaQueryList = window.matchMedia('print');","\t      mediaQueryList.addListener(this._reflowChildren);","\t    }","\t  },","\t  componentWillUnmount: function componentWillUnmount() {","\t    if (window.matchMedia) {","\t      var mediaQueryList = window.matchMedia('print');","\t      mediaQueryList.removeListener(this._reflowChildren);","\t    }","\t  },","\t  _reflowChildren: function _reflowChildren() {","\t    this.children.map(function (child) {","\t      if (!child || !child.chart) {","\t        throw new Error('RedrawOnPrint child should be a highcharts');","\t      }","\t      child.chart.reflow();","\t    });","\t  },","\t  render: function render() {","\t    var _this = this;","","\t    this.children = [];","\t    return React.createElement(","\t      'div',","\t      null,","\t      React.Children.map(this.props.children, function (child) {","\t        return React.cloneElement(child, {","\t          ref: function ref(c) {","\t            return c && _this.children.push(c);","\t          }","\t        });","\t      })","\t    );","\t  }","\t});","","\tmodule.exports = RedrawOnPrint;","","/***/ }","","/******/ })","});",";"],"l":{"1":1,"2":1,"3":1,"4":0,"5":0,"6":0,"7":0,"9":0,"11":1,"13":1,"16":1,"19":3,"20":0,"23":3,"30":3,"33":3,"36":3,"41":1,"44":1,"47":1,"50":1,"58":1,"66":1,"75":1,"77":1,"83":0,"84":0,"85":0,"89":0,"90":0,"91":0,"95":0,"96":0,"97":0,"99":0,"103":0,"105":0,"106":0,"110":0,"112":0,"120":1}},"/home/travis/build/npmtest/node-npmtest-react-highcharts/node_modules/react-highcharts/nightwatch.js":{"path":"/home/travis/build/npmtest/node-npmtest-react-highcharts/node_modules/react-highcharts/nightwatch.js","s":{"1":1,"2":1},"b":{},"f":{},"fnMap":{},"statementMap":{"1":{"start":{"line":1,"column":0},"end":{"line":1,"column":56}},"2":{"start":{"line":3,"column":0},"end":{"line":32,"column":2}}},"branchMap":{},"code":["const TRAVIS_JOB_NUMBER = process.env.TRAVIS_JOB_NUMBER;","","module.exports = {","  \"test_settings\": {","    \"local\": {","      \"launch_url\": \"http://127.0.0.1:8080/\"","    },","    \"saucelabs\": {","      desiredCapabilities: {","        browserName: \"chrome\",","        platform: \"OS X 10.11\",","        version: \"latest\",","        build: 'build-' + TRAVIS_JOB_NUMBER,","        'tunnel-identifier': TRAVIS_JOB_NUMBER,","        \"username\": \"kirjs\",","        \"access_key\": process.env.SAUCE_ACCESS_KEY","      },","      \"launch_url\": \"http://127.0.0.1:8080/\",","      \"selenium_port\": 80,","      \"selenium_host\": \"ondemand.saucelabs.com\",","      \"silent\": true,","","      \"screenshots\": {","        \"enabled\": false,","        \"path\": \"\"","      },","      \"globals\": {","        \"waitForConditionTimeout\": 10000,","      }","    }","  }","};",""],"l":{"1":1,"3":1}},"/home/travis/build/npmtest/node-npmtest-react-highcharts/node_modules/react-highcharts/src/fakeHighcharts.js":{"path":"/home/travis/build/npmtest/node-npmtest-react-highcharts/node_modules/react-highcharts/src/fakeHighcharts.js","s":{"1":1,"2":0,"3":1},"b":{},"f":{"1":0},"fnMap":{"1":{"name":"(anonymous_1)","line":1,"loc":{"start":{"line":1,"column":15},"end":{"line":1,"column":25}}}},"statementMap":{"1":{"start":{"line":1,"column":0},"end":{"line":3,"column":2}},"2":{"start":{"line":2,"column":2},"end":{"line":2,"column":23}},"3":{"start":{"line":5,"column":0},"end":{"line":9,"column":2}}},"branchMap":{},"code":["var emptyDiv = function(){","  return '<div></div>';","};","","module.exports = {","  Chart: emptyDiv,","  Map: emptyDiv,","  StockChart: emptyDiv","};",""],"l":{"1":1,"2":0,"5":1}},"/home/travis/build/npmtest/node-npmtest-react-highcharts/node_modules/react-highcharts/webpack.config.js":{"path":"/home/travis/build/npmtest/node-npmtest-react-highcharts/node_modules/react-highcharts/webpack.config.js","s":{"1":1,"2":1,"3":1,"4":1,"5":1,"6":1,"7":1,"8":1,"9":1,"10":1},"b":{"1":[1,0],"2":[0,1]},"f":{},"fnMap":{},"statementMap":{"1":{"start":{"line":1,"column":0},"end":{"line":1,"column":27}},"2":{"start":{"line":7,"column":0},"end":{"line":7,"column":46}},"3":{"start":{"line":8,"column":0},"end":{"line":8,"column":40}},"4":{"start":{"line":14,"column":0},"end":{"line":14,"column":50}},"5":{"start":{"line":15,"column":0},"end":{"line":15,"column":46}},"6":{"start":{"line":18,"column":0},"end":{"line":37,"column":2}},"7":{"start":{"line":39,"column":0},"end":{"line":52,"column":2}},"8":{"start":{"line":54,"column":0},"end":{"line":54,"column":33}},"9":{"start":{"line":56,"column":0},"end":{"line":56,"column":36}},"10":{"start":{"line":59,"column":0},"end":{"line":89,"column":2}}},"branchMap":{"1":{"line":8,"type":"cond-expr","locations":[{"start":{"line":8,"column":28},"end":{"line":8,"column":34}},{"start":{"line":8,"column":37},"end":{"line":8,"column":39}}]},"2":{"line":15,"type":"cond-expr","locations":[{"start":{"line":15,"column":30},"end":{"line":15,"column":39}},{"start":{"line":15,"column":42},"end":{"line":15,"column":44}}]}},"code":["var path = require('path');","","/**"," * If -p flag is set, minify the files"," * @type {boolean}"," */","var src = (process.argv.indexOf('-p') === -1);","var filenamePostfix = src ? '.src' : '';","","/**"," * If -b flag is set, build bundles, and not exclude highcharts from the build"," * @type {boolean}"," */","var bundles = (process.argv.indexOf('-b') !== -1);","var bundlePrefix = (bundles ? 'bundle/' : '');","","","var highchartsExternals = {","  'highcharts/highmaps': {","    root: 'Highcharts',","    commonjs2: 'highcharts/highmaps',","    commonjs: 'highcharts/highmaps',","    amd: 'highcharts/highmaps'","  },","  'highcharts/highstock': {","    root: 'Highcharts',","    commonjs2: 'highcharts/highstock',","    commonjs: 'highcharts/highstock',","    amd: 'highcharts/highstock'","  },","  'highcharts': {","    root: 'Highcharts',","    commonjs2: 'highcharts',","    commonjs: 'highcharts',","    amd: 'highcharts'","  }","};","","var reactExternals = {","  react: {","    root: 'React',","    commonjs2: 'react',","    commonjs: 'react',","    amd: 'react'","  },","  'react-dom': {","    root: 'ReactDOM',","    commonjs2: 'react-dom',","    commonjs: 'react-dom',","    amd: 'react-dom'","  }","};","","var externals = [reactExternals];","","externals.push(highchartsExternals);","","","module.exports = {","  entry: {","    // Array syntax to workaround https://github.com/webpack/webpack/issues/300","    'index': ['./src/ReactHighcharts.jsx'],","    'ReactHighcharts': ['./src/ReactHighcharts.jsx'],","    'ReactHighstock': ['./src/Highstock.jsx'],","    'ReactHighmaps': ['./src/Highmaps.jsx'],","    'RedrawOnPrint': ['./src/RedrawOnPrint.jsx']","  },","  module: {","    loaders: [","      {","        test: /\\.jsx$/,","        loader: 'babel',","        query: {","          cacheDirectory: true,","          presets: ['react','es2015', 'stage-2']","        }","      }","    ]","  },","  externals: externals,","  resolve: {","    modulesDirectories: ['node_modules']","  },","  output: {","    filename: 'dist/' + bundlePrefix + '[name]' + filenamePostfix + '.js',","    libraryTarget: 'umd',","    library: '[name]'","  }","};",""],"l":{"1":1,"7":1,"8":1,"14":1,"15":1,"18":1,"39":1,"54":1,"56":1,"59":1}}}